{"/home/stefano/Desktop/Progetto/Backend/server.js": {"path":"/home/stefano/Desktop/Progetto/Backend/server.js","statementMap":{"0":{"start":{"line":1,"column":16},"end":{"line":1,"column":34}},"1":{"start":{"line":2,"column":12},"end":{"line":2,"column":21}},"2":{"start":{"line":3,"column":13},"end":{"line":3,"column":28}},"3":{"start":{"line":6,"column":0},"end":{"line":6,"column":58}},"4":{"start":{"line":7,"column":0},"end":{"line":9,"column":3}},"5":{"start":{"line":8,"column":2},"end":{"line":8,"column":66}},"6":{"start":{"line":11,"column":21},"end":{"line":11,"column":58}},"7":{"start":{"line":12,"column":0},"end":{"line":12,"column":23}},"8":{"start":{"line":15,"column":0},"end":{"line":15,"column":46}},"9":{"start":{"line":17,"column":0},"end":{"line":17,"column":62}},"10":{"start":{"line":18,"column":0},"end":{"line":18,"column":52}},"11":{"start":{"line":20,"column":0},"end":{"line":20,"column":49}},"12":{"start":{"line":21,"column":0},"end":{"line":21,"column":50}},"13":{"start":{"line":22,"column":0},"end":{"line":22,"column":46}},"14":{"start":{"line":23,"column":0},"end":{"line":23,"column":50}},"15":{"start":{"line":25,"column":0},"end":{"line":25,"column":55}},"16":{"start":{"line":28,"column":0},"end":{"line":28,"column":50}},"17":{"start":{"line":29,"column":0},"end":{"line":29,"column":50}},"18":{"start":{"line":30,"column":0},"end":{"line":30,"column":47}},"19":{"start":{"line":31,"column":0},"end":{"line":31,"column":65}},"20":{"start":{"line":34,"column":0},"end":{"line":34,"column":45}},"21":{"start":{"line":38,"column":0},"end":{"line":38,"column":52}},"22":{"start":{"line":39,"column":0},"end":{"line":39,"column":51}},"23":{"start":{"line":40,"column":0},"end":{"line":40,"column":59}},"24":{"start":{"line":41,"column":0},"end":{"line":41,"column":57}},"25":{"start":{"line":42,"column":0},"end":{"line":42,"column":48}},"26":{"start":{"line":44,"column":0},"end":{"line":44,"column":21}}},"fnMap":{"0":{"name":"(anonymous_0)","decl":{"start":{"line":7,"column":13},"end":{"line":7,"column":14}},"loc":{"start":{"line":7,"column":27},"end":{"line":9,"column":1}},"line":7}},"branchMap":{},"s":{"0":5,"1":5,"2":5,"3":5,"4":5,"5":0,"6":5,"7":5,"8":5,"9":5,"10":5,"11":5,"12":5,"13":5,"14":5,"15":5,"16":5,"17":5,"18":5,"19":5,"20":5,"21":5,"22":5,"23":5,"24":5,"25":5,"26":5},"f":{"0":0},"b":{},"_coverageSchema":"1a1c01bbd47fc00a2c39e90264f33305004495a9","hash":"f5cbb630fd2706f0ef9b2dae186a5df360fab904"}
,"/home/stefano/Desktop/Progetto/Backend/auxiliares/check.js": {"path":"/home/stefano/Desktop/Progetto/Backend/auxiliares/check.js","statementMap":{"0":{"start":{"line":1,"column":16},"end":{"line":15,"column":1}},"1":{"start":{"line":2,"column":15},"end":{"line":2,"column":28}},"2":{"start":{"line":3,"column":2},"end":{"line":5,"column":3}},"3":{"start":{"line":4,"column":6},"end":{"line":4,"column":19}},"4":{"start":{"line":7,"column":2},"end":{"line":14,"column":3}},"5":{"start":{"line":11,"column":6},"end":{"line":11,"column":18}},"6":{"start":{"line":13,"column":6},"end":{"line":13,"column":19}},"7":{"start":{"line":17,"column":22},"end":{"line":21,"column":1}},"8":{"start":{"line":18,"column":2},"end":{"line":20,"column":161}},"9":{"start":{"line":24,"column":0},"end":{"line":27,"column":2}}},"fnMap":{"0":{"name":"(anonymous_0)","decl":{"start":{"line":1,"column":16},"end":{"line":1,"column":17}},"loc":{"start":{"line":1,"column":34},"end":{"line":15,"column":1}},"line":1},"1":{"name":"(anonymous_1)","decl":{"start":{"line":17,"column":22},"end":{"line":17,"column":23}},"loc":{"start":{"line":17,"column":32},"end":{"line":21,"column":1}},"line":17}},"branchMap":{"0":{"loc":{"start":{"line":3,"column":2},"end":{"line":5,"column":3}},"type":"if","locations":[{"start":{"line":3,"column":2},"end":{"line":5,"column":3}},{"start":{},"end":{}}],"line":3},"1":{"loc":{"start":{"line":7,"column":2},"end":{"line":14,"column":3}},"type":"if","locations":[{"start":{"line":7,"column":2},"end":{"line":14,"column":3}},{"start":{"line":12,"column":9},"end":{"line":14,"column":3}}],"line":7},"2":{"loc":{"start":{"line":7,"column":5},"end":{"line":10,"column":23}},"type":"binary-expr","locations":[{"start":{"line":7,"column":5},"end":{"line":7,"column":23}},{"start":{"line":7,"column":27},"end":{"line":7,"column":45}},{"start":{"line":8,"column":5},"end":{"line":8,"column":23}},{"start":{"line":8,"column":27},"end":{"line":8,"column":45}},{"start":{"line":9,"column":5},"end":{"line":9,"column":23}},{"start":{"line":9,"column":27},"end":{"line":9,"column":45}},{"start":{"line":10,"column":5},"end":{"line":10,"column":23}}],"line":7}},"s":{"0":5,"1":3,"2":3,"3":0,"4":3,"5":2,"6":1,"7":5,"8":4,"9":5},"f":{"0":3,"1":4},"b":{"0":[0,3],"1":[2,1],"2":[3,1,1,1,1,1,1]},"_coverageSchema":"1a1c01bbd47fc00a2c39e90264f33305004495a9","hash":"01d556163c1adc7b486e3e7f52ae2dfd1c0974e6"}
,"/home/stefano/Desktop/Progetto/Backend/controllers/admin.js": {"path":"/home/stefano/Desktop/Progetto/Backend/controllers/admin.js","statementMap":{"0":{"start":{"line":1,"column":15},"end":{"line":1,"column":42}},"1":{"start":{"line":2,"column":14},"end":{"line":2,"column":39}},"2":{"start":{"line":3,"column":16},"end":{"line":3,"column":44}},"3":{"start":{"line":4,"column":14},"end":{"line":4,"column":40}},"4":{"start":{"line":8,"column":20},"end":{"line":23,"column":1}},"5":{"start":{"line":9,"column":2},"end":{"line":22,"column":4}},"6":{"start":{"line":10,"column":6},"end":{"line":21,"column":9}},"7":{"start":{"line":11,"column":10},"end":{"line":13,"column":11}},"8":{"start":{"line":12,"column":14},"end":{"line":12,"column":95}},"9":{"start":{"line":15,"column":27},"end":{"line":19,"column":11}},"10":{"start":{"line":15,"column":47},"end":{"line":19,"column":9}},"11":{"start":{"line":20,"column":8},"end":{"line":20,"column":72}},"12":{"start":{"line":26,"column":17},"end":{"line":61,"column":1}},"13":{"start":{"line":27,"column":2},"end":{"line":60,"column":3}},"14":{"start":{"line":28,"column":27},"end":{"line":28,"column":75}},"15":{"start":{"line":29,"column":6},"end":{"line":31,"column":7}},"16":{"start":{"line":30,"column":10},"end":{"line":30,"column":101}},"17":{"start":{"line":33,"column":15},"end":{"line":37,"column":7}},"18":{"start":{"line":40,"column":6},"end":{"line":46,"column":7}},"19":{"start":{"line":41,"column":25},"end":{"line":41,"column":63}},"20":{"start":{"line":42,"column":10},"end":{"line":42,"column":30}},"21":{"start":{"line":43,"column":10},"end":{"line":43,"column":20}},"22":{"start":{"line":45,"column":10},"end":{"line":45,"column":25}},"23":{"start":{"line":48,"column":23},"end":{"line":54,"column":8}},"24":{"start":{"line":56,"column":24},"end":{"line":56,"column":45}},"25":{"start":{"line":57,"column":6},"end":{"line":57,"column":97}},"26":{"start":{"line":59,"column":6},"end":{"line":59,"column":78}},"27":{"start":{"line":64,"column":14},"end":{"line":91,"column":3}},"28":{"start":{"line":65,"column":4},"end":{"line":90,"column":5}},"29":{"start":{"line":66,"column":21},"end":{"line":66,"column":64}},"30":{"start":{"line":67,"column":8},"end":{"line":69,"column":9}},"31":{"start":{"line":68,"column":12},"end":{"line":68,"column":90}},"32":{"start":{"line":71,"column":28},"end":{"line":71,"column":38}},"33":{"start":{"line":72,"column":8},"end":{"line":72,"column":61}},"34":{"start":{"line":74,"column":17},"end":{"line":74,"column":65}},"35":{"start":{"line":75,"column":17},"end":{"line":75,"column":70}},"36":{"start":{"line":76,"column":19},"end":{"line":76,"column":46}},"37":{"start":{"line":78,"column":8},"end":{"line":78,"column":51}},"38":{"start":{"line":80,"column":25},"end":{"line":84,"column":10}},"39":{"start":{"line":86,"column":27},"end":{"line":86,"column":48}},"40":{"start":{"line":87,"column":8},"end":{"line":87,"column":98}},"41":{"start":{"line":89,"column":8},"end":{"line":89,"column":80}},"42":{"start":{"line":95,"column":21},"end":{"line":104,"column":1}},"43":{"start":{"line":96,"column":14},"end":{"line":96,"column":66}},"44":{"start":{"line":98,"column":2},"end":{"line":103,"column":3}},"45":{"start":{"line":99,"column":6},"end":{"line":99,"column":84}},"46":{"start":{"line":101,"column":6},"end":{"line":101,"column":48}},"47":{"start":{"line":102,"column":6},"end":{"line":102,"column":81}},"48":{"start":{"line":107,"column":0},"end":{"line":112,"column":1}}},"fnMap":{"0":{"name":"(anonymous_0)","decl":{"start":{"line":8,"column":20},"end":{"line":8,"column":21}},"loc":{"start":{"line":8,"column":39},"end":{"line":23,"column":1}},"line":8},"1":{"name":"(anonymous_1)","decl":{"start":{"line":9,"column":17},"end":{"line":9,"column":18}},"loc":{"start":{"line":9,"column":29},"end":{"line":22,"column":3}},"line":9},"2":{"name":"(anonymous_2)","decl":{"start":{"line":15,"column":36},"end":{"line":15,"column":37}},"loc":{"start":{"line":15,"column":47},"end":{"line":19,"column":9}},"line":15},"3":{"name":"(anonymous_3)","decl":{"start":{"line":26,"column":17},"end":{"line":26,"column":18}},"loc":{"start":{"line":26,"column":37},"end":{"line":61,"column":1}},"line":26},"4":{"name":"(anonymous_4)","decl":{"start":{"line":64,"column":14},"end":{"line":64,"column":15}},"loc":{"start":{"line":64,"column":34},"end":{"line":91,"column":3}},"line":64},"5":{"name":"(anonymous_5)","decl":{"start":{"line":95,"column":21},"end":{"line":95,"column":22}},"loc":{"start":{"line":95,"column":41},"end":{"line":104,"column":1}},"line":95}},"branchMap":{"0":{"loc":{"start":{"line":10,"column":6},"end":{"line":21,"column":9}},"type":"if","locations":[{"start":{"line":10,"column":6},"end":{"line":21,"column":9}},{"start":{},"end":{}}],"line":10},"1":{"loc":{"start":{"line":11,"column":10},"end":{"line":13,"column":11}},"type":"if","locations":[{"start":{"line":11,"column":10},"end":{"line":13,"column":11}},{"start":{},"end":{}}],"line":11},"2":{"loc":{"start":{"line":29,"column":6},"end":{"line":31,"column":7}},"type":"if","locations":[{"start":{"line":29,"column":6},"end":{"line":31,"column":7}},{"start":{},"end":{}}],"line":29},"3":{"loc":{"start":{"line":40,"column":6},"end":{"line":46,"column":7}},"type":"if","locations":[{"start":{"line":40,"column":6},"end":{"line":46,"column":7}},{"start":{"line":44,"column":13},"end":{"line":46,"column":7}}],"line":40},"4":{"loc":{"start":{"line":67,"column":8},"end":{"line":69,"column":9}},"type":"if","locations":[{"start":{"line":67,"column":8},"end":{"line":69,"column":9}},{"start":{},"end":{}}],"line":67},"5":{"loc":{"start":{"line":98,"column":2},"end":{"line":103,"column":3}},"type":"if","locations":[{"start":{"line":98,"column":2},"end":{"line":103,"column":3}},{"start":{"line":100,"column":9},"end":{"line":103,"column":3}}],"line":98}},"s":{"0":5,"1":5,"2":5,"3":5,"4":5,"5":1,"6":1,"7":1,"8":0,"9":1,"10":28,"11":1,"12":5,"13":3,"14":3,"15":3,"16":1,"17":2,"18":2,"19":0,"20":0,"21":0,"22":2,"23":2,"24":2,"25":1,"26":1,"27":5,"28":2,"29":2,"30":2,"31":1,"32":1,"33":1,"34":1,"35":1,"36":1,"37":1,"38":1,"39":1,"40":1,"41":0,"42":5,"43":2,"44":2,"45":1,"46":1,"47":1,"48":5},"f":{"0":1,"1":1,"2":28,"3":3,"4":2,"5":2},"b":{"0":[1,0],"1":[0,1],"2":[1,2],"3":[0,2],"4":[1,1],"5":[1,1]},"_coverageSchema":"1a1c01bbd47fc00a2c39e90264f33305004495a9","hash":"efbb61dcacb1fbc847ae2c94c92b962503088226"}
,"/home/stefano/Desktop/Progetto/Backend/controllers/authentication.js": {"path":"/home/stefano/Desktop/Progetto/Backend/controllers/authentication.js","statementMap":{"0":{"start":{"line":1,"column":15},"end":{"line":1,"column":42}},"1":{"start":{"line":2,"column":12},"end":{"line":2,"column":35}},"2":{"start":{"line":6,"column":14},"end":{"line":21,"column":1}},"3":{"start":{"line":7,"column":13},"end":{"line":7,"column":65}},"4":{"start":{"line":9,"column":2},"end":{"line":11,"column":3}},"5":{"start":{"line":10,"column":6},"end":{"line":10,"column":83}},"6":{"start":{"line":13,"column":2},"end":{"line":15,"column":3}},"7":{"start":{"line":14,"column":6},"end":{"line":14,"column":87}},"8":{"start":{"line":17,"column":16},"end":{"line":17,"column":60}},"9":{"start":{"line":18,"column":16},"end":{"line":18,"column":34}},"10":{"start":{"line":19,"column":12},"end":{"line":19,"column":49}},"11":{"start":{"line":20,"column":2},"end":{"line":20,"column":173}},"12":{"start":{"line":24,"column":15},"end":{"line":35,"column":1}},"13":{"start":{"line":25,"column":12},"end":{"line":25,"column":41}},"14":{"start":{"line":26,"column":2},"end":{"line":34,"column":3}},"15":{"start":{"line":27,"column":20},"end":{"line":27,"column":22}},"16":{"start":{"line":28,"column":20},"end":{"line":28,"column":34}},"17":{"start":{"line":29,"column":16},"end":{"line":29,"column":53}},"18":{"start":{"line":31,"column":6},"end":{"line":31,"column":79}},"19":{"start":{"line":33,"column":6},"end":{"line":33,"column":87}},"20":{"start":{"line":38,"column":0},"end":{"line":41,"column":2}}},"fnMap":{"0":{"name":"(anonymous_0)","decl":{"start":{"line":6,"column":14},"end":{"line":6,"column":15}},"loc":{"start":{"line":6,"column":38},"end":{"line":21,"column":1}},"line":6},"1":{"name":"(anonymous_1)","decl":{"start":{"line":24,"column":15},"end":{"line":24,"column":16}},"loc":{"start":{"line":24,"column":34},"end":{"line":35,"column":1}},"line":24}},"branchMap":{"0":{"loc":{"start":{"line":9,"column":2},"end":{"line":11,"column":3}},"type":"if","locations":[{"start":{"line":9,"column":2},"end":{"line":11,"column":3}},{"start":{},"end":{}}],"line":9},"1":{"loc":{"start":{"line":13,"column":2},"end":{"line":15,"column":3}},"type":"if","locations":[{"start":{"line":13,"column":2},"end":{"line":15,"column":3}},{"start":{},"end":{}}],"line":13},"2":{"loc":{"start":{"line":26,"column":2},"end":{"line":34,"column":3}},"type":"if","locations":[{"start":{"line":26,"column":2},"end":{"line":34,"column":3}},{"start":{"line":32,"column":9},"end":{"line":34,"column":3}}],"line":26}},"s":{"0":5,"1":5,"2":5,"3":3,"4":3,"5":1,"6":2,"7":1,"8":1,"9":1,"10":1,"11":1,"12":5,"13":1,"14":1,"15":0,"16":0,"17":0,"18":0,"19":1,"20":5},"f":{"0":3,"1":1},"b":{"0":[1,2],"1":[1,1],"2":[0,1]},"_coverageSchema":"1a1c01bbd47fc00a2c39e90264f33305004495a9","hash":"19e1d0afc450bb8076fe9afa82f3e123ff155c43"}
,"/home/stefano/Desktop/Progetto/Backend/controllers/book.js": {"path":"/home/stefano/Desktop/Progetto/Backend/controllers/book.js","statementMap":{"0":{"start":{"line":1,"column":14},"end":{"line":1,"column":39}},"1":{"start":{"line":2,"column":16},"end":{"line":2,"column":44}},"2":{"start":{"line":5,"column":23},"end":{"line":14,"column":1}},"3":{"start":{"line":6,"column":16},"end":{"line":6,"column":73}},"4":{"start":{"line":8,"column":4},"end":{"line":13,"column":5}},"5":{"start":{"line":9,"column":8},"end":{"line":9,"column":85}},"6":{"start":{"line":11,"column":8},"end":{"line":11,"column":56}},"7":{"start":{"line":12,"column":8},"end":{"line":12,"column":37}},"8":{"start":{"line":17,"column":22},"end":{"line":49,"column":5}},"9":{"start":{"line":18,"column":16},"end":{"line":18,"column":18}},"10":{"start":{"line":20,"column":4},"end":{"line":31,"column":5}},"11":{"start":{"line":21,"column":8},"end":{"line":21,"column":40}},"12":{"start":{"line":24,"column":9},"end":{"line":31,"column":5}},"13":{"start":{"line":25,"column":8},"end":{"line":25,"column":48}},"14":{"start":{"line":27,"column":9},"end":{"line":31,"column":5}},"15":{"start":{"line":28,"column":8},"end":{"line":28,"column":50}},"16":{"start":{"line":30,"column":8},"end":{"line":30,"column":93}},"17":{"start":{"line":32,"column":16},"end":{"line":32,"column":46}},"18":{"start":{"line":33,"column":18},"end":{"line":33,"column":20}},"19":{"start":{"line":34,"column":4},"end":{"line":44,"column":5}},"20":{"start":{"line":35,"column":82},"end":{"line":35,"column":86}},"21":{"start":{"line":36,"column":8},"end":{"line":43,"column":11}},"22":{"start":{"line":45,"column":4},"end":{"line":48,"column":96}},"23":{"start":{"line":46,"column":8},"end":{"line":46,"column":85}},"24":{"start":{"line":48,"column":8},"end":{"line":48,"column":95}},"25":{"start":{"line":52,"column":19},"end":{"line":88,"column":5}},"26":{"start":{"line":53,"column":8},"end":{"line":87,"column":9}},"27":{"start":{"line":54,"column":24},"end":{"line":54,"column":26}},"28":{"start":{"line":56,"column":12},"end":{"line":64,"column":13}},"29":{"start":{"line":57,"column":16},"end":{"line":57,"column":56}},"30":{"start":{"line":59,"column":17},"end":{"line":64,"column":13}},"31":{"start":{"line":60,"column":16},"end":{"line":60,"column":46}},"32":{"start":{"line":63,"column":16},"end":{"line":63,"column":108}},"33":{"start":{"line":65,"column":23},"end":{"line":65,"column":53}},"34":{"start":{"line":66,"column":12},"end":{"line":84,"column":13}},"35":{"start":{"line":67,"column":16},"end":{"line":67,"column":97}},"36":{"start":{"line":69,"column":30},"end":{"line":69,"column":32}},"37":{"start":{"line":70,"column":16},"end":{"line":82,"column":17}},"38":{"start":{"line":70,"column":29},"end":{"line":70,"column":30}},"39":{"start":{"line":71,"column":33},"end":{"line":71,"column":40}},"40":{"start":{"line":72,"column":36},"end":{"line":80,"column":21}},"41":{"start":{"line":81,"column":20},"end":{"line":81,"column":40}},"42":{"start":{"line":83,"column":16},"end":{"line":83,"column":77}},"43":{"start":{"line":86,"column":12},"end":{"line":86,"column":34}},"44":{"start":{"line":91,"column":0},"end":{"line":95,"column":2}}},"fnMap":{"0":{"name":"(anonymous_0)","decl":{"start":{"line":5,"column":23},"end":{"line":5,"column":24}},"loc":{"start":{"line":5,"column":43},"end":{"line":14,"column":1}},"line":5},"1":{"name":"(anonymous_1)","decl":{"start":{"line":17,"column":22},"end":{"line":17,"column":23}},"loc":{"start":{"line":17,"column":42},"end":{"line":49,"column":5}},"line":17},"2":{"name":"(anonymous_2)","decl":{"start":{"line":52,"column":19},"end":{"line":52,"column":20}},"loc":{"start":{"line":52,"column":39},"end":{"line":88,"column":5}},"line":52}},"branchMap":{"0":{"loc":{"start":{"line":8,"column":4},"end":{"line":13,"column":5}},"type":"if","locations":[{"start":{"line":8,"column":4},"end":{"line":13,"column":5}},{"start":{"line":10,"column":11},"end":{"line":13,"column":5}}],"line":8},"1":{"loc":{"start":{"line":20,"column":4},"end":{"line":31,"column":5}},"type":"if","locations":[{"start":{"line":20,"column":4},"end":{"line":31,"column":5}},{"start":{"line":24,"column":9},"end":{"line":31,"column":5}}],"line":20},"2":{"loc":{"start":{"line":24,"column":9},"end":{"line":31,"column":5}},"type":"if","locations":[{"start":{"line":24,"column":9},"end":{"line":31,"column":5}},{"start":{"line":27,"column":9},"end":{"line":31,"column":5}}],"line":24},"3":{"loc":{"start":{"line":27,"column":9},"end":{"line":31,"column":5}},"type":"if","locations":[{"start":{"line":27,"column":9},"end":{"line":31,"column":5}},{"start":{"line":29,"column":10},"end":{"line":31,"column":5}}],"line":27},"4":{"loc":{"start":{"line":45,"column":4},"end":{"line":48,"column":96}},"type":"if","locations":[{"start":{"line":45,"column":4},"end":{"line":48,"column":96}},{"start":{"line":47,"column":11},"end":{"line":48,"column":96}}],"line":45},"5":{"loc":{"start":{"line":56,"column":12},"end":{"line":64,"column":13}},"type":"if","locations":[{"start":{"line":56,"column":12},"end":{"line":64,"column":13}},{"start":{"line":59,"column":17},"end":{"line":64,"column":13}}],"line":56},"6":{"loc":{"start":{"line":59,"column":17},"end":{"line":64,"column":13}},"type":"if","locations":[{"start":{"line":59,"column":17},"end":{"line":64,"column":13}},{"start":{"line":62,"column":17},"end":{"line":64,"column":13}}],"line":59},"7":{"loc":{"start":{"line":66,"column":12},"end":{"line":84,"column":13}},"type":"if","locations":[{"start":{"line":66,"column":12},"end":{"line":84,"column":13}},{"start":{"line":68,"column":19},"end":{"line":84,"column":13}}],"line":66}},"s":{"0":5,"1":5,"2":5,"3":2,"4":2,"5":1,"6":1,"7":1,"8":5,"9":7,"10":7,"11":2,"12":5,"13":2,"14":3,"15":2,"16":1,"17":6,"18":6,"19":6,"20":9,"21":9,"22":6,"23":3,"24":3,"25":5,"26":4,"27":4,"28":4,"29":1,"30":3,"31":2,"32":1,"33":3,"34":3,"35":1,"36":2,"37":2,"38":2,"39":7,"40":7,"41":7,"42":2,"43":0,"44":5},"f":{"0":2,"1":7,"2":4},"b":{"0":[1,1],"1":[2,5],"2":[2,3],"3":[2,1],"4":[3,3],"5":[1,3],"6":[2,1],"7":[1,2]},"_coverageSchema":"1a1c01bbd47fc00a2c39e90264f33305004495a9","hash":"f05c3a85a90a3fb135a874ce3008444114013b98"}
,"/home/stefano/Desktop/Progetto/Backend/controllers/disponibilita.js": {"path":"/home/stefano/Desktop/Progetto/Backend/controllers/disponibilita.js","statementMap":{"0":{"start":{"line":1,"column":14},"end":{"line":1,"column":39}},"1":{"start":{"line":2,"column":15},"end":{"line":2,"column":42}},"2":{"start":{"line":5,"column":28},"end":{"line":45,"column":1}},"3":{"start":{"line":7,"column":17},"end":{"line":7,"column":73}},"4":{"start":{"line":8,"column":17},"end":{"line":8,"column":70}},"5":{"start":{"line":10,"column":6},"end":{"line":12,"column":7}},"6":{"start":{"line":11,"column":10},"end":{"line":11,"column":88}},"7":{"start":{"line":13,"column":6},"end":{"line":15,"column":7}},"8":{"start":{"line":14,"column":10},"end":{"line":14,"column":89}},"9":{"start":{"line":18,"column":6},"end":{"line":23,"column":9}},"10":{"start":{"line":27,"column":23},"end":{"line":27,"column":57}},"11":{"start":{"line":30,"column":8},"end":{"line":32,"column":9}},"12":{"start":{"line":31,"column":12},"end":{"line":31,"column":36}},"13":{"start":{"line":35,"column":8},"end":{"line":35,"column":21}},"14":{"start":{"line":38,"column":6},"end":{"line":43,"column":7}},"15":{"start":{"line":44,"column":4},"end":{"line":44,"column":87}},"16":{"start":{"line":47,"column":0},"end":{"line":49,"column":1}}},"fnMap":{"0":{"name":"(anonymous_0)","decl":{"start":{"line":5,"column":28},"end":{"line":5,"column":29}},"loc":{"start":{"line":5,"column":48},"end":{"line":45,"column":1}},"line":5},"1":{"name":"rimuoviElemento","decl":{"start":{"line":25,"column":15},"end":{"line":25,"column":30}},"loc":{"start":{"line":25,"column":59},"end":{"line":36,"column":5}},"line":25}},"branchMap":{"0":{"loc":{"start":{"line":10,"column":6},"end":{"line":12,"column":7}},"type":"if","locations":[{"start":{"line":10,"column":6},"end":{"line":12,"column":7}},{"start":{},"end":{}}],"line":10},"1":{"loc":{"start":{"line":13,"column":6},"end":{"line":15,"column":7}},"type":"if","locations":[{"start":{"line":13,"column":6},"end":{"line":15,"column":7}},{"start":{},"end":{}}],"line":13},"2":{"loc":{"start":{"line":30,"column":8},"end":{"line":32,"column":9}},"type":"if","locations":[{"start":{"line":30,"column":8},"end":{"line":32,"column":9}},{"start":{},"end":{}}],"line":30}},"s":{"0":5,"1":5,"2":5,"3":4,"4":4,"5":4,"6":1,"7":3,"8":1,"9":2,"10":2,"11":2,"12":1,"13":2,"14":2,"15":2,"16":5},"f":{"0":4,"1":2},"b":{"0":[1,3],"1":[1,2],"2":[1,1]},"_coverageSchema":"1a1c01bbd47fc00a2c39e90264f33305004495a9","hash":"e126ec461b5ecb0a709fded1294fd661191b3ad1"}
,"/home/stefano/Desktop/Progetto/Backend/controllers/tokenChecker.js": {"path":"/home/stefano/Desktop/Progetto/Backend/controllers/tokenChecker.js","statementMap":{"0":{"start":{"line":1,"column":12},"end":{"line":1,"column":35}},"1":{"start":{"line":4,"column":21},"end":{"line":31,"column":1}},"2":{"start":{"line":7,"column":13},"end":{"line":7,"column":79}},"3":{"start":{"line":10,"column":1},"end":{"line":15,"column":2}},"4":{"start":{"line":11,"column":2},"end":{"line":14,"column":5}},"5":{"start":{"line":18,"column":1},"end":{"line":29,"column":4}},"6":{"start":{"line":19,"column":2},"end":{"line":28,"column":3}},"7":{"start":{"line":20,"column":3},"end":{"line":23,"column":6}},"8":{"start":{"line":26,"column":3},"end":{"line":26,"column":28}},"9":{"start":{"line":27,"column":3},"end":{"line":27,"column":10}},"10":{"start":{"line":33,"column":0},"end":{"line":33,"column":29}}},"fnMap":{"0":{"name":"(anonymous_0)","decl":{"start":{"line":4,"column":21},"end":{"line":4,"column":22}},"loc":{"start":{"line":4,"column":46},"end":{"line":31,"column":1}},"line":4},"1":{"name":"(anonymous_1)","decl":{"start":{"line":18,"column":30},"end":{"line":18,"column":31}},"loc":{"start":{"line":18,"column":53},"end":{"line":29,"column":2}},"line":18}},"branchMap":{"0":{"loc":{"start":{"line":7,"column":13},"end":{"line":7,"column":79}},"type":"binary-expr","locations":[{"start":{"line":7,"column":13},"end":{"line":7,"column":27}},{"start":{"line":7,"column":31},"end":{"line":7,"column":46}},{"start":{"line":7,"column":50},"end":{"line":7,"column":79}}],"line":7},"1":{"loc":{"start":{"line":10,"column":1},"end":{"line":15,"column":2}},"type":"if","locations":[{"start":{"line":10,"column":1},"end":{"line":15,"column":2}},{"start":{},"end":{}}],"line":10},"2":{"loc":{"start":{"line":19,"column":2},"end":{"line":28,"column":3}},"type":"if","locations":[{"start":{"line":19,"column":2},"end":{"line":28,"column":3}},{"start":{"line":24,"column":9},"end":{"line":28,"column":3}}],"line":19}},"s":{"0":5,"1":5,"2":0,"3":0,"4":0,"5":0,"6":0,"7":0,"8":0,"9":0,"10":5},"f":{"0":0,"1":0},"b":{"0":[0,0,0],"1":[0,0],"2":[0,0]},"_coverageSchema":"1a1c01bbd47fc00a2c39e90264f33305004495a9","hash":"8660131be3cab055e24ad031514037b279baf054"}
,"/home/stefano/Desktop/Progetto/Backend/controllers/utente.js": {"path":"/home/stefano/Desktop/Progetto/Backend/controllers/utente.js","statementMap":{"0":{"start":{"line":1,"column":21},"end":{"line":1,"column":54}},"1":{"start":{"line":2,"column":15},"end":{"line":2,"column":42}},"2":{"start":{"line":3,"column":14},"end":{"line":3,"column":39}},"3":{"start":{"line":4,"column":16},"end":{"line":4,"column":44}},"4":{"start":{"line":5,"column":12},"end":{"line":5,"column":42}},"5":{"start":{"line":6,"column":21},"end":{"line":6,"column":54}},"6":{"start":{"line":7,"column":15},"end":{"line":7,"column":41}},"7":{"start":{"line":8,"column":20},"end":{"line":8,"column":38}},"8":{"start":{"line":11,"column":15},"end":{"line":57,"column":1}},"9":{"start":{"line":12,"column":4},"end":{"line":56,"column":6}},"10":{"start":{"line":13,"column":8},"end":{"line":55,"column":9}},"11":{"start":{"line":14,"column":12},"end":{"line":51,"column":13}},"12":{"start":{"line":20,"column":18},"end":{"line":27,"column":19}},"13":{"start":{"line":21,"column":35},"end":{"line":21,"column":71}},"14":{"start":{"line":22,"column":20},"end":{"line":22,"column":34}},"15":{"start":{"line":23,"column":20},"end":{"line":23,"column":29}},"16":{"start":{"line":26,"column":20},"end":{"line":26,"column":34}},"17":{"start":{"line":28,"column":36},"end":{"line":34,"column":20}},"18":{"start":{"line":36,"column":16},"end":{"line":39,"column":17}},"19":{"start":{"line":37,"column":20},"end":{"line":37,"column":72}},"20":{"start":{"line":38,"column":20},"end":{"line":38,"column":27}},"21":{"start":{"line":40,"column":16},"end":{"line":44,"column":17}},"22":{"start":{"line":41,"column":20},"end":{"line":41,"column":75}},"23":{"start":{"line":42,"column":20},"end":{"line":42,"column":27}},"24":{"start":{"line":46,"column":16},"end":{"line":49,"column":18}},"25":{"start":{"line":47,"column":20},"end":{"line":47,"column":88}},"26":{"start":{"line":47,"column":29},"end":{"line":47,"column":88}},"27":{"start":{"line":48,"column":20},"end":{"line":48,"column":111}},"28":{"start":{"line":54,"column":12},"end":{"line":54,"column":107}},"29":{"start":{"line":60,"column":16},"end":{"line":60,"column":26}},"30":{"start":{"line":65,"column":4},"end":{"line":65,"column":19}},"31":{"start":{"line":67,"column":4},"end":{"line":71,"column":5}},"32":{"start":{"line":68,"column":8},"end":{"line":68,"column":21}},"33":{"start":{"line":70,"column":8},"end":{"line":70,"column":20}},"34":{"start":{"line":75,"column":18},"end":{"line":97,"column":5}},"35":{"start":{"line":76,"column":17},"end":{"line":76,"column":68}},"36":{"start":{"line":77,"column":4},"end":{"line":79,"column":5}},"37":{"start":{"line":78,"column":8},"end":{"line":78,"column":85}},"38":{"start":{"line":80,"column":28},"end":{"line":84,"column":6}},"39":{"start":{"line":86,"column":4},"end":{"line":88,"column":4}},"40":{"start":{"line":87,"column":8},"end":{"line":87,"column":84}},"41":{"start":{"line":90,"column":8},"end":{"line":96,"column":10}},"42":{"start":{"line":91,"column":12},"end":{"line":95,"column":13}},"43":{"start":{"line":92,"column":16},"end":{"line":92,"column":90}},"44":{"start":{"line":94,"column":16},"end":{"line":94,"column":98}},"45":{"start":{"line":132,"column":18},"end":{"line":141,"column":1}},"46":{"start":{"line":133,"column":16},"end":{"line":133,"column":74}},"47":{"start":{"line":135,"column":4},"end":{"line":140,"column":5}},"48":{"start":{"line":136,"column":8},"end":{"line":136,"column":92}},"49":{"start":{"line":138,"column":8},"end":{"line":138,"column":57}},"50":{"start":{"line":139,"column":8},"end":{"line":139,"column":103}},"51":{"start":{"line":158,"column":17},"end":{"line":190,"column":1}},"52":{"start":{"line":159,"column":4},"end":{"line":189,"column":5}},"53":{"start":{"line":160,"column":19},"end":{"line":160,"column":72}},"54":{"start":{"line":162,"column":8},"end":{"line":164,"column":9}},"55":{"start":{"line":163,"column":12},"end":{"line":163,"column":91}},"56":{"start":{"line":166,"column":20},"end":{"line":166,"column":22}},"57":{"start":{"line":167,"column":16},"end":{"line":169,"column":9}},"58":{"start":{"line":170,"column":8},"end":{"line":184,"column":9}},"59":{"start":{"line":170,"column":21},"end":{"line":170,"column":22}},"60":{"start":{"line":171,"column":26},"end":{"line":171,"column":47}},"61":{"start":{"line":172,"column":22},"end":{"line":172,"column":72}},"62":{"start":{"line":174,"column":20},"end":{"line":181,"column":13}},"63":{"start":{"line":183,"column":12},"end":{"line":183,"column":26}},"64":{"start":{"line":186,"column":8},"end":{"line":186,"column":46}},"65":{"start":{"line":188,"column":8},"end":{"line":188,"column":86}},"66":{"start":{"line":223,"column":20},"end":{"line":273,"column":1}},"67":{"start":{"line":224,"column":4},"end":{"line":272,"column":5}},"68":{"start":{"line":226,"column":19},"end":{"line":226,"column":71}},"69":{"start":{"line":227,"column":19},"end":{"line":227,"column":72}},"70":{"start":{"line":230,"column":31},"end":{"line":230,"column":41}},"71":{"start":{"line":231,"column":8},"end":{"line":231,"column":67}},"72":{"start":{"line":233,"column":17},"end":{"line":233,"column":68}},"73":{"start":{"line":234,"column":17},"end":{"line":234,"column":73}},"74":{"start":{"line":235,"column":19},"end":{"line":235,"column":49}},"75":{"start":{"line":237,"column":8},"end":{"line":237,"column":54}},"76":{"start":{"line":239,"column":8},"end":{"line":241,"column":9}},"77":{"start":{"line":240,"column":12},"end":{"line":240,"column":90}},"78":{"start":{"line":243,"column":8},"end":{"line":269,"column":5}},"79":{"start":{"line":244,"column":12},"end":{"line":244,"column":91}},"80":{"start":{"line":245,"column":14},"end":{"line":269,"column":5}},"81":{"start":{"line":246,"column":12},"end":{"line":246,"column":116}},"82":{"start":{"line":249,"column":12},"end":{"line":252,"column":13}},"83":{"start":{"line":253,"column":12},"end":{"line":253,"column":49}},"84":{"start":{"line":255,"column":12},"end":{"line":260,"column":11}},"85":{"start":{"line":261,"column":12},"end":{"line":266,"column":11}},"86":{"start":{"line":268,"column":8},"end":{"line":268,"column":82}},"87":{"start":{"line":271,"column":8},"end":{"line":271,"column":94}},"88":{"start":{"line":276,"column":17},"end":{"line":285,"column":1}},"89":{"start":{"line":277,"column":16},"end":{"line":277,"column":63}},"90":{"start":{"line":279,"column":4},"end":{"line":284,"column":5}},"91":{"start":{"line":280,"column":8},"end":{"line":280,"column":92}},"92":{"start":{"line":283,"column":8},"end":{"line":283,"column":87}},"93":{"start":{"line":288,"column":24},"end":{"line":297,"column":1}},"94":{"start":{"line":289,"column":22},"end":{"line":289,"column":76}},"95":{"start":{"line":290,"column":22},"end":{"line":290,"column":76}},"96":{"start":{"line":291,"column":4},"end":{"line":296,"column":5}},"97":{"start":{"line":292,"column":8},"end":{"line":292,"column":93}},"98":{"start":{"line":295,"column":8},"end":{"line":295,"column":101}},"99":{"start":{"line":312,"column":0},"end":{"line":324,"column":2}}},"fnMap":{"0":{"name":"(anonymous_0)","decl":{"start":{"line":11,"column":15},"end":{"line":11,"column":16}},"loc":{"start":{"line":11,"column":35},"end":{"line":57,"column":1}},"line":11},"1":{"name":"(anonymous_1)","decl":{"start":{"line":12,"column":42},"end":{"line":12,"column":43}},"loc":{"start":{"line":12,"column":57},"end":{"line":56,"column":5}},"line":12},"2":{"name":"(anonymous_2)","decl":{"start":{"line":17,"column":29},"end":{"line":17,"column":30}},"loc":{"start":{"line":17,"column":42},"end":{"line":50,"column":17}},"line":17},"3":{"name":"(anonymous_3)","decl":{"start":{"line":46,"column":31},"end":{"line":46,"column":32}},"loc":{"start":{"line":46,"column":46},"end":{"line":49,"column":17}},"line":46},"4":{"name":"compareDates","decl":{"start":{"line":59,"column":9},"end":{"line":59,"column":21}},"loc":{"start":{"line":59,"column":24},"end":{"line":72,"column":1}},"line":59},"5":{"name":"(anonymous_5)","decl":{"start":{"line":75,"column":18},"end":{"line":75,"column":19}},"loc":{"start":{"line":75,"column":37},"end":{"line":97,"column":5}},"line":75},"6":{"name":"(anonymous_6)","decl":{"start":{"line":90,"column":29},"end":{"line":90,"column":30}},"loc":{"start":{"line":90,"column":41},"end":{"line":96,"column":9}},"line":90},"7":{"name":"(anonymous_7)","decl":{"start":{"line":132,"column":18},"end":{"line":132,"column":19}},"loc":{"start":{"line":132,"column":38},"end":{"line":141,"column":1}},"line":132},"8":{"name":"(anonymous_8)","decl":{"start":{"line":158,"column":17},"end":{"line":158,"column":18}},"loc":{"start":{"line":158,"column":37},"end":{"line":190,"column":1}},"line":158},"9":{"name":"(anonymous_9)","decl":{"start":{"line":223,"column":20},"end":{"line":223,"column":21}},"loc":{"start":{"line":223,"column":40},"end":{"line":273,"column":1}},"line":223},"10":{"name":"(anonymous_10)","decl":{"start":{"line":276,"column":17},"end":{"line":276,"column":18}},"loc":{"start":{"line":276,"column":37},"end":{"line":285,"column":1}},"line":276},"11":{"name":"(anonymous_11)","decl":{"start":{"line":288,"column":24},"end":{"line":288,"column":25}},"loc":{"start":{"line":288,"column":44},"end":{"line":297,"column":1}},"line":288}},"branchMap":{"0":{"loc":{"start":{"line":13,"column":8},"end":{"line":55,"column":9}},"type":"if","locations":[{"start":{"line":13,"column":8},"end":{"line":55,"column":9}},{"start":{"line":53,"column":13},"end":{"line":55,"column":9}}],"line":13},"1":{"loc":{"start":{"line":20,"column":18},"end":{"line":27,"column":19}},"type":"if","locations":[{"start":{"line":20,"column":18},"end":{"line":27,"column":19}},{"start":{"line":25,"column":22},"end":{"line":27,"column":19}}],"line":20},"2":{"loc":{"start":{"line":36,"column":16},"end":{"line":39,"column":17}},"type":"if","locations":[{"start":{"line":36,"column":16},"end":{"line":39,"column":17}},{"start":{},"end":{}}],"line":36},"3":{"loc":{"start":{"line":40,"column":16},"end":{"line":44,"column":17}},"type":"if","locations":[{"start":{"line":40,"column":16},"end":{"line":44,"column":17}},{"start":{},"end":{}}],"line":40},"4":{"loc":{"start":{"line":47,"column":20},"end":{"line":47,"column":88}},"type":"if","locations":[{"start":{"line":47,"column":20},"end":{"line":47,"column":88}},{"start":{},"end":{}}],"line":47},"5":{"loc":{"start":{"line":67,"column":4},"end":{"line":71,"column":5}},"type":"if","locations":[{"start":{"line":67,"column":4},"end":{"line":71,"column":5}},{"start":{"line":69,"column":11},"end":{"line":71,"column":5}}],"line":67},"6":{"loc":{"start":{"line":77,"column":4},"end":{"line":79,"column":5}},"type":"if","locations":[{"start":{"line":77,"column":4},"end":{"line":79,"column":5}},{"start":{},"end":{}}],"line":77},"7":{"loc":{"start":{"line":86,"column":4},"end":{"line":88,"column":4}},"type":"if","locations":[{"start":{"line":86,"column":4},"end":{"line":88,"column":4}},{"start":{},"end":{}}],"line":86},"8":{"loc":{"start":{"line":91,"column":12},"end":{"line":95,"column":13}},"type":"if","locations":[{"start":{"line":91,"column":12},"end":{"line":95,"column":13}},{"start":{"line":93,"column":19},"end":{"line":95,"column":13}}],"line":91},"9":{"loc":{"start":{"line":135,"column":4},"end":{"line":140,"column":5}},"type":"if","locations":[{"start":{"line":135,"column":4},"end":{"line":140,"column":5}},{"start":{"line":137,"column":11},"end":{"line":140,"column":5}}],"line":135},"10":{"loc":{"start":{"line":162,"column":8},"end":{"line":164,"column":9}},"type":"if","locations":[{"start":{"line":162,"column":8},"end":{"line":164,"column":9}},{"start":{},"end":{}}],"line":162},"11":{"loc":{"start":{"line":239,"column":8},"end":{"line":241,"column":9}},"type":"if","locations":[{"start":{"line":239,"column":8},"end":{"line":241,"column":9}},{"start":{},"end":{}}],"line":239},"12":{"loc":{"start":{"line":243,"column":8},"end":{"line":269,"column":5}},"type":"if","locations":[{"start":{"line":243,"column":8},"end":{"line":269,"column":5}},{"start":{"line":245,"column":14},"end":{"line":269,"column":5}}],"line":243},"13":{"loc":{"start":{"line":245,"column":14},"end":{"line":269,"column":5}},"type":"if","locations":[{"start":{"line":245,"column":14},"end":{"line":269,"column":5}},{"start":{"line":248,"column":13},"end":{"line":269,"column":5}}],"line":245},"14":{"loc":{"start":{"line":279,"column":4},"end":{"line":284,"column":5}},"type":"if","locations":[{"start":{"line":279,"column":4},"end":{"line":284,"column":5}},{"start":{"line":282,"column":8},"end":{"line":284,"column":5}}],"line":279},"15":{"loc":{"start":{"line":291,"column":4},"end":{"line":296,"column":5}},"type":"if","locations":[{"start":{"line":291,"column":4},"end":{"line":296,"column":5}},{"start":{"line":294,"column":8},"end":{"line":296,"column":5}}],"line":291},"16":{"loc":{"start":{"line":291,"column":7},"end":{"line":291,"column":46}},"type":"binary-expr","locations":[{"start":{"line":291,"column":7},"end":{"line":291,"column":19}},{"start":{"line":291,"column":22},"end":{"line":291,"column":46}}],"line":291}},"s":{"0":5,"1":5,"2":5,"3":5,"4":5,"5":5,"6":5,"7":5,"8":5,"9":5,"10":5,"11":4,"12":4,"13":0,"14":0,"15":0,"16":4,"17":4,"18":4,"19":1,"20":1,"21":3,"22":1,"23":1,"24":2,"25":2,"26":1,"27":1,"28":1,"29":3,"30":3,"31":3,"32":1,"33":2,"34":5,"35":4,"36":4,"37":1,"38":3,"39":3,"40":1,"41":2,"42":2,"43":1,"44":1,"45":5,"46":2,"47":2,"48":1,"49":1,"50":1,"51":5,"52":3,"53":3,"54":3,"55":1,"56":2,"57":2,"58":2,"59":2,"60":4,"61":4,"62":4,"63":4,"64":2,"65":0,"66":5,"67":5,"68":5,"69":5,"70":5,"71":5,"72":5,"73":5,"74":5,"75":5,"76":5,"77":2,"78":3,"79":1,"80":2,"81":1,"82":1,"83":1,"84":1,"85":1,"86":1,"87":0,"88":5,"89":2,"90":2,"91":1,"92":1,"93":5,"94":2,"95":2,"96":2,"97":1,"98":1,"99":5},"f":{"0":5,"1":5,"2":4,"3":2,"4":3,"5":4,"6":2,"7":2,"8":3,"9":5,"10":2,"11":2},"b":{"0":[4,1],"1":[0,4],"2":[1,3],"3":[1,2],"4":[1,1],"5":[1,2],"6":[1,3],"7":[1,2],"8":[1,1],"9":[1,1],"10":[1,2],"11":[2,3],"12":[1,2],"13":[1,1],"14":[1,1],"15":[1,1],"16":[2,2]},"_coverageSchema":"1a1c01bbd47fc00a2c39e90264f33305004495a9","hash":"e802bae4ad9f5a470490a59809bd9939b294f63b"}
,"/home/stefano/Desktop/Progetto/Backend/models/appuntamento.js": {"path":"/home/stefano/Desktop/Progetto/Backend/models/appuntamento.js","statementMap":{"0":{"start":{"line":2,"column":17},"end":{"line":2,"column":37}},"1":{"start":{"line":4,"column":15},"end":{"line":8,"column":2}},"2":{"start":{"line":10,"column":21},"end":{"line":10,"column":59}},"3":{"start":{"line":11,"column":0},"end":{"line":11,"column":30}}},"fnMap":{},"branchMap":{},"s":{"0":5,"1":5,"2":5,"3":5},"f":{},"b":{},"_coverageSchema":"1a1c01bbd47fc00a2c39e90264f33305004495a9","hash":"fd4e6e4db8337f7d7e01d1083c7df4c3408654dc"}
,"/home/stefano/Desktop/Progetto/Backend/models/book.js": {"path":"/home/stefano/Desktop/Progetto/Backend/models/book.js","statementMap":{"0":{"start":{"line":1,"column":17},"end":{"line":1,"column":37}},"1":{"start":{"line":4,"column":15},"end":{"line":12,"column":2}},"2":{"start":{"line":14,"column":14},"end":{"line":14,"column":45}},"3":{"start":{"line":15,"column":0},"end":{"line":15,"column":23}}},"fnMap":{},"branchMap":{},"s":{"0":5,"1":5,"2":5,"3":5},"f":{},"b":{},"_coverageSchema":"1a1c01bbd47fc00a2c39e90264f33305004495a9","hash":"4e1cc6cdce16f2961694a6690ba316ea8f0a5fa4"}
,"/home/stefano/Desktop/Progetto/Backend/models/counter.js": {"path":"/home/stefano/Desktop/Progetto/Backend/models/counter.js","statementMap":{"0":{"start":{"line":1,"column":17},"end":{"line":1,"column":37}},"1":{"start":{"line":3,"column":15},"end":{"line":6,"column":2}},"2":{"start":{"line":8,"column":16},"end":{"line":8,"column":49}},"3":{"start":{"line":9,"column":0},"end":{"line":9,"column":25}}},"fnMap":{},"branchMap":{},"s":{"0":5,"1":5,"2":5,"3":5},"f":{},"b":{},"_coverageSchema":"1a1c01bbd47fc00a2c39e90264f33305004495a9","hash":"d9839a9d9f7ef54da3ec38a2d84ea8784b33b8ae"}
,"/home/stefano/Desktop/Progetto/Backend/models/multa.js": {"path":"/home/stefano/Desktop/Progetto/Backend/models/multa.js","statementMap":{"0":{"start":{"line":2,"column":17},"end":{"line":2,"column":37}},"1":{"start":{"line":4,"column":15},"end":{"line":8,"column":2}},"2":{"start":{"line":10,"column":14},"end":{"line":10,"column":45}},"3":{"start":{"line":11,"column":0},"end":{"line":11,"column":23}}},"fnMap":{},"branchMap":{},"s":{"0":5,"1":5,"2":5,"3":5},"f":{},"b":{},"_coverageSchema":"1a1c01bbd47fc00a2c39e90264f33305004495a9","hash":"ceb2a17896aeeb0593f9c826a24410184232c5bd"}
,"/home/stefano/Desktop/Progetto/Backend/models/prenotazione.js": {"path":"/home/stefano/Desktop/Progetto/Backend/models/prenotazione.js","statementMap":{"0":{"start":{"line":2,"column":17},"end":{"line":2,"column":37}},"1":{"start":{"line":4,"column":15},"end":{"line":9,"column":2}},"2":{"start":{"line":11,"column":21},"end":{"line":11,"column":59}},"3":{"start":{"line":12,"column":0},"end":{"line":12,"column":30}}},"fnMap":{},"branchMap":{},"s":{"0":5,"1":5,"2":5,"3":5},"f":{},"b":{},"_coverageSchema":"1a1c01bbd47fc00a2c39e90264f33305004495a9","hash":"0912aaeef03d201c4ecb75452a1409360a51295a"}
,"/home/stefano/Desktop/Progetto/Backend/models/utente.js": {"path":"/home/stefano/Desktop/Progetto/Backend/models/utente.js","statementMap":{"0":{"start":{"line":1,"column":17},"end":{"line":1,"column":37}},"1":{"start":{"line":3,"column":15},"end":{"line":13,"column":2}},"2":{"start":{"line":15,"column":15},"end":{"line":15,"column":47}},"3":{"start":{"line":16,"column":0},"end":{"line":16,"column":24}}},"fnMap":{},"branchMap":{},"s":{"0":5,"1":5,"2":5,"3":5},"f":{},"b":{},"_coverageSchema":"1a1c01bbd47fc00a2c39e90264f33305004495a9","hash":"0b57f5baef1a6290d0b38d6e1af6435ae2f55436"}
,"/home/stefano/Desktop/Progetto/Backend/routes/Filter.js": {"path":"/home/stefano/Desktop/Progetto/Backend/routes/Filter.js","statementMap":{"0":{"start":{"line":1,"column":16},"end":{"line":1,"column":34}},"1":{"start":{"line":3,"column":15},"end":{"line":3,"column":32}},"2":{"start":{"line":4,"column":15},"end":{"line":4,"column":23}},"3":{"start":{"line":6,"column":21},"end":{"line":6,"column":37}},"4":{"start":{"line":7,"column":24},"end":{"line":7,"column":54}},"5":{"start":{"line":9,"column":0},"end":{"line":9,"column":47}},"6":{"start":{"line":12,"column":0},"end":{"line":12,"column":30}}},"fnMap":{},"branchMap":{},"s":{"0":5,"1":5,"2":5,"3":5,"4":5,"5":5,"6":5},"f":{},"b":{},"_coverageSchema":"1a1c01bbd47fc00a2c39e90264f33305004495a9","hash":"d462b8cc789f1ae8aff0b5d2b7ca741b86d44b6e"}
,"/home/stefano/Desktop/Progetto/Backend/routes/deleteApp.js": {"path":"/home/stefano/Desktop/Progetto/Backend/routes/deleteApp.js","statementMap":{"0":{"start":{"line":1,"column":16},"end":{"line":1,"column":34}},"1":{"start":{"line":3,"column":15},"end":{"line":3,"column":32}},"2":{"start":{"line":4,"column":15},"end":{"line":4,"column":23}},"3":{"start":{"line":6,"column":19},"end":{"line":6,"column":35}},"4":{"start":{"line":7,"column":22},"end":{"line":7,"column":54}},"5":{"start":{"line":10,"column":0},"end":{"line":10,"column":48}},"6":{"start":{"line":12,"column":0},"end":{"line":12,"column":27}}},"fnMap":{},"branchMap":{},"s":{"0":5,"1":5,"2":5,"3":5,"4":5,"5":5,"6":5},"f":{},"b":{},"_coverageSchema":"1a1c01bbd47fc00a2c39e90264f33305004495a9","hash":"bc395d495852dbb68c1c49304f54e347dfb056b1"}
,"/home/stefano/Desktop/Progetto/Backend/routes/deleteLibro.js": {"path":"/home/stefano/Desktop/Progetto/Backend/routes/deleteLibro.js","statementMap":{"0":{"start":{"line":1,"column":16},"end":{"line":1,"column":34}},"1":{"start":{"line":3,"column":15},"end":{"line":3,"column":32}},"2":{"start":{"line":4,"column":15},"end":{"line":4,"column":23}},"3":{"start":{"line":6,"column":21},"end":{"line":6,"column":37}},"4":{"start":{"line":7,"column":24},"end":{"line":7,"column":54}},"5":{"start":{"line":9,"column":0},"end":{"line":9,"column":57}},"6":{"start":{"line":12,"column":0},"end":{"line":12,"column":29}}},"fnMap":{},"branchMap":{},"s":{"0":5,"1":5,"2":5,"3":5,"4":5,"5":5,"6":5},"f":{},"b":{},"_coverageSchema":"1a1c01bbd47fc00a2c39e90264f33305004495a9","hash":"e5bb39d7b3859a355029a89906dc94b59402590d"}
,"/home/stefano/Desktop/Progetto/Backend/routes/deleteUtente.js": {"path":"/home/stefano/Desktop/Progetto/Backend/routes/deleteUtente.js","statementMap":{"0":{"start":{"line":1,"column":16},"end":{"line":1,"column":34}},"1":{"start":{"line":3,"column":15},"end":{"line":3,"column":32}},"2":{"start":{"line":4,"column":15},"end":{"line":4,"column":23}},"3":{"start":{"line":6,"column":21},"end":{"line":6,"column":37}},"4":{"start":{"line":7,"column":24},"end":{"line":7,"column":55}},"5":{"start":{"line":9,"column":0},"end":{"line":9,"column":55}},"6":{"start":{"line":12,"column":0},"end":{"line":12,"column":29}}},"fnMap":{},"branchMap":{},"s":{"0":5,"1":5,"2":5,"3":5,"4":5,"5":5,"6":5},"f":{},"b":{},"_coverageSchema":"1a1c01bbd47fc00a2c39e90264f33305004495a9","hash":"852065acc818b36681c1b946ca64f0ef68404bcf"}
,"/home/stefano/Desktop/Progetto/Backend/routes/getAllusers.js": {"path":"/home/stefano/Desktop/Progetto/Backend/routes/getAllusers.js","statementMap":{"0":{"start":{"line":1,"column":16},"end":{"line":1,"column":34}},"1":{"start":{"line":3,"column":15},"end":{"line":3,"column":32}},"2":{"start":{"line":4,"column":15},"end":{"line":4,"column":23}},"3":{"start":{"line":6,"column":19},"end":{"line":6,"column":35}},"4":{"start":{"line":7,"column":22},"end":{"line":7,"column":53}},"5":{"start":{"line":9,"column":0},"end":{"line":9,"column":47}},"6":{"start":{"line":11,"column":0},"end":{"line":11,"column":27}}},"fnMap":{},"branchMap":{},"s":{"0":5,"1":5,"2":5,"3":5,"4":5,"5":5,"6":5},"f":{},"b":{},"_coverageSchema":"1a1c01bbd47fc00a2c39e90264f33305004495a9","hash":"91c83f08e0d6c68317ca2fdfff89163d0754bb89"}
,"/home/stefano/Desktop/Progetto/Backend/routes/getApp.js": {"path":"/home/stefano/Desktop/Progetto/Backend/routes/getApp.js","statementMap":{"0":{"start":{"line":1,"column":16},"end":{"line":1,"column":34}},"1":{"start":{"line":3,"column":15},"end":{"line":3,"column":32}},"2":{"start":{"line":4,"column":15},"end":{"line":4,"column":23}},"3":{"start":{"line":6,"column":20},"end":{"line":6,"column":36}},"4":{"start":{"line":7,"column":24},"end":{"line":7,"column":56}},"5":{"start":{"line":9,"column":0},"end":{"line":9,"column":55}},"6":{"start":{"line":12,"column":0},"end":{"line":12,"column":29}}},"fnMap":{},"branchMap":{},"s":{"0":5,"1":5,"2":5,"3":5,"4":5,"5":5,"6":5},"f":{},"b":{},"_coverageSchema":"1a1c01bbd47fc00a2c39e90264f33305004495a9","hash":"c87460e6f60fec32352dfedffb7d8c2fca9e0d9b"}
,"/home/stefano/Desktop/Progetto/Backend/routes/getBooks.js": {"path":"/home/stefano/Desktop/Progetto/Backend/routes/getBooks.js","statementMap":{"0":{"start":{"line":1,"column":16},"end":{"line":1,"column":34}},"1":{"start":{"line":3,"column":15},"end":{"line":3,"column":32}},"2":{"start":{"line":4,"column":15},"end":{"line":4,"column":23}},"3":{"start":{"line":6,"column":21},"end":{"line":6,"column":37}},"4":{"start":{"line":7,"column":24},"end":{"line":7,"column":56}},"5":{"start":{"line":9,"column":0},"end":{"line":9,"column":49}},"6":{"start":{"line":12,"column":0},"end":{"line":12,"column":30}}},"fnMap":{},"branchMap":{},"s":{"0":5,"1":5,"2":5,"3":5,"4":5,"5":5,"6":5},"f":{},"b":{},"_coverageSchema":"1a1c01bbd47fc00a2c39e90264f33305004495a9","hash":"629249a16f52b81a0b3a1d1a527dce7c39b1a01e"}
,"/home/stefano/Desktop/Progetto/Backend/routes/getLibro.js": {"path":"/home/stefano/Desktop/Progetto/Backend/routes/getLibro.js","statementMap":{"0":{"start":{"line":1,"column":16},"end":{"line":1,"column":34}},"1":{"start":{"line":3,"column":15},"end":{"line":3,"column":32}},"2":{"start":{"line":4,"column":15},"end":{"line":4,"column":23}},"3":{"start":{"line":6,"column":21},"end":{"line":6,"column":37}},"4":{"start":{"line":7,"column":24},"end":{"line":7,"column":54}},"5":{"start":{"line":9,"column":0},"end":{"line":9,"column":54}},"6":{"start":{"line":12,"column":0},"end":{"line":12,"column":30}}},"fnMap":{},"branchMap":{},"s":{"0":5,"1":5,"2":5,"3":5,"4":5,"5":5,"6":5},"f":{},"b":{},"_coverageSchema":"1a1c01bbd47fc00a2c39e90264f33305004495a9","hash":"513d5f66cca1c13f21a1100a2e1866d9277655d3"}
,"/home/stefano/Desktop/Progetto/Backend/routes/getMulta.js": {"path":"/home/stefano/Desktop/Progetto/Backend/routes/getMulta.js","statementMap":{"0":{"start":{"line":1,"column":16},"end":{"line":1,"column":34}},"1":{"start":{"line":3,"column":15},"end":{"line":3,"column":32}},"2":{"start":{"line":4,"column":15},"end":{"line":4,"column":23}},"3":{"start":{"line":6,"column":21},"end":{"line":6,"column":37}},"4":{"start":{"line":7,"column":24},"end":{"line":7,"column":56}},"5":{"start":{"line":9,"column":0},"end":{"line":9,"column":49}},"6":{"start":{"line":12,"column":0},"end":{"line":12,"column":30}}},"fnMap":{},"branchMap":{},"s":{"0":5,"1":5,"2":5,"3":5,"4":5,"5":5,"6":5},"f":{},"b":{},"_coverageSchema":"1a1c01bbd47fc00a2c39e90264f33305004495a9","hash":"a06d8e7ff6f1e543f006e93c370da70f525cd035"}
,"/home/stefano/Desktop/Progetto/Backend/routes/login.js": {"path":"/home/stefano/Desktop/Progetto/Backend/routes/login.js","statementMap":{"0":{"start":{"line":1,"column":16},"end":{"line":1,"column":34}},"1":{"start":{"line":3,"column":15},"end":{"line":3,"column":32}},"2":{"start":{"line":4,"column":15},"end":{"line":4,"column":23}},"3":{"start":{"line":6,"column":20},"end":{"line":6,"column":36}},"4":{"start":{"line":7,"column":24},"end":{"line":7,"column":64}},"5":{"start":{"line":9,"column":0},"end":{"line":9,"column":60}},"6":{"start":{"line":12,"column":0},"end":{"line":12,"column":29}}},"fnMap":{},"branchMap":{},"s":{"0":5,"1":5,"2":5,"3":5,"4":5,"5":5,"6":5},"f":{},"b":{},"_coverageSchema":"1a1c01bbd47fc00a2c39e90264f33305004495a9","hash":"e571497682c19330dab4806e19c0cead7642e3b8"}
,"/home/stefano/Desktop/Progetto/Backend/routes/logout.js": {"path":"/home/stefano/Desktop/Progetto/Backend/routes/logout.js","statementMap":{"0":{"start":{"line":1,"column":16},"end":{"line":1,"column":34}},"1":{"start":{"line":3,"column":15},"end":{"line":3,"column":32}},"2":{"start":{"line":4,"column":15},"end":{"line":4,"column":23}},"3":{"start":{"line":6,"column":21},"end":{"line":6,"column":37}},"4":{"start":{"line":7,"column":24},"end":{"line":7,"column":64}},"5":{"start":{"line":9,"column":0},"end":{"line":9,"column":47}},"6":{"start":{"line":12,"column":0},"end":{"line":12,"column":30}}},"fnMap":{},"branchMap":{},"s":{"0":5,"1":5,"2":5,"3":5,"4":5,"5":5,"6":5},"f":{},"b":{},"_coverageSchema":"1a1c01bbd47fc00a2c39e90264f33305004495a9","hash":"3baaa86cd7334c5ba61fe5a9c3cf485b7aa7b581"}
,"/home/stefano/Desktop/Progetto/Backend/routes/newLibro.js": {"path":"/home/stefano/Desktop/Progetto/Backend/routes/newLibro.js","statementMap":{"0":{"start":{"line":1,"column":16},"end":{"line":1,"column":34}},"1":{"start":{"line":3,"column":15},"end":{"line":3,"column":32}},"2":{"start":{"line":4,"column":15},"end":{"line":4,"column":23}},"3":{"start":{"line":6,"column":23},"end":{"line":6,"column":39}},"4":{"start":{"line":7,"column":24},"end":{"line":7,"column":55}},"5":{"start":{"line":9,"column":0},"end":{"line":9,"column":67}},"6":{"start":{"line":12,"column":0},"end":{"line":12,"column":32}},"7":{"start":{"line":12,"column":33},"end":{"line":12,"column":40}}},"fnMap":{},"branchMap":{},"s":{"0":5,"1":5,"2":5,"3":5,"4":5,"5":5,"6":5,"7":5},"f":{},"b":{},"_coverageSchema":"1a1c01bbd47fc00a2c39e90264f33305004495a9","hash":"6b2a593d57f5ae82b6b4c64d9584f994e66813a2"}
,"/home/stefano/Desktop/Progetto/Backend/routes/patchDisponibilita.js": {"path":"/home/stefano/Desktop/Progetto/Backend/routes/patchDisponibilita.js","statementMap":{"0":{"start":{"line":1,"column":16},"end":{"line":1,"column":34}},"1":{"start":{"line":3,"column":15},"end":{"line":3,"column":32}},"2":{"start":{"line":4,"column":15},"end":{"line":4,"column":23}},"3":{"start":{"line":6,"column":19},"end":{"line":6,"column":35}},"4":{"start":{"line":7,"column":22},"end":{"line":7,"column":61}},"5":{"start":{"line":10,"column":0},"end":{"line":10,"column":72}},"6":{"start":{"line":12,"column":0},"end":{"line":12,"column":27}}},"fnMap":{},"branchMap":{},"s":{"0":5,"1":5,"2":5,"3":5,"4":5,"5":5,"6":5},"f":{},"b":{},"_coverageSchema":"1a1c01bbd47fc00a2c39e90264f33305004495a9","hash":"2aa9b7cd32963b7dbd273c561ac285e75bd3e2b5"}
,"/home/stefano/Desktop/Progetto/Backend/routes/patchRent.js": {"path":"/home/stefano/Desktop/Progetto/Backend/routes/patchRent.js","statementMap":{"0":{"start":{"line":1,"column":16},"end":{"line":1,"column":34}},"1":{"start":{"line":3,"column":15},"end":{"line":3,"column":32}},"2":{"start":{"line":4,"column":15},"end":{"line":4,"column":23}},"3":{"start":{"line":6,"column":19},"end":{"line":6,"column":35}},"4":{"start":{"line":7,"column":22},"end":{"line":7,"column":54}},"5":{"start":{"line":10,"column":0},"end":{"line":10,"column":64}},"6":{"start":{"line":12,"column":0},"end":{"line":12,"column":27}}},"fnMap":{},"branchMap":{},"s":{"0":5,"1":5,"2":5,"3":5,"4":5,"5":5,"6":5},"f":{},"b":{},"_coverageSchema":"1a1c01bbd47fc00a2c39e90264f33305004495a9","hash":"bdcda42d8fe490ddf578250507289c7d75fdad97"}
,"/home/stefano/Desktop/Progetto/Backend/routes/postApp.js": {"path":"/home/stefano/Desktop/Progetto/Backend/routes/postApp.js","statementMap":{"0":{"start":{"line":1,"column":16},"end":{"line":1,"column":34}},"1":{"start":{"line":3,"column":15},"end":{"line":3,"column":32}},"2":{"start":{"line":4,"column":15},"end":{"line":4,"column":23}},"3":{"start":{"line":6,"column":18},"end":{"line":6,"column":34}},"4":{"start":{"line":7,"column":25},"end":{"line":7,"column":57}},"5":{"start":{"line":9,"column":0},"end":{"line":9,"column":63}},"6":{"start":{"line":12,"column":0},"end":{"line":12,"column":27}}},"fnMap":{},"branchMap":{},"s":{"0":5,"1":5,"2":5,"3":5,"4":5,"5":5,"6":5},"f":{},"b":{},"_coverageSchema":"1a1c01bbd47fc00a2c39e90264f33305004495a9","hash":"a52e64d76d89142d500575f5ab26bceae45d2dab"}
,"/home/stefano/Desktop/Progetto/Backend/routes/postMulta.js": {"path":"/home/stefano/Desktop/Progetto/Backend/routes/postMulta.js","statementMap":{"0":{"start":{"line":1,"column":16},"end":{"line":1,"column":34}},"1":{"start":{"line":3,"column":15},"end":{"line":3,"column":32}},"2":{"start":{"line":4,"column":15},"end":{"line":4,"column":23}},"3":{"start":{"line":6,"column":19},"end":{"line":6,"column":35}},"4":{"start":{"line":7,"column":22},"end":{"line":7,"column":53}},"5":{"start":{"line":10,"column":0},"end":{"line":10,"column":57}},"6":{"start":{"line":12,"column":0},"end":{"line":12,"column":27}}},"fnMap":{},"branchMap":{},"s":{"0":5,"1":5,"2":5,"3":5,"4":5,"5":5,"6":5},"f":{},"b":{},"_coverageSchema":"1a1c01bbd47fc00a2c39e90264f33305004495a9","hash":"0b3e513f6ea29bb6c1cb97aa65f36f767d3460d7"}
,"/home/stefano/Desktop/Progetto/Backend/routes/signUp.js": {"path":"/home/stefano/Desktop/Progetto/Backend/routes/signUp.js","statementMap":{"0":{"start":{"line":1,"column":16},"end":{"line":1,"column":34}},"1":{"start":{"line":3,"column":15},"end":{"line":3,"column":32}},"2":{"start":{"line":4,"column":15},"end":{"line":4,"column":23}},"3":{"start":{"line":6,"column":21},"end":{"line":6,"column":37}},"4":{"start":{"line":7,"column":25},"end":{"line":7,"column":57}},"5":{"start":{"line":9,"column":0},"end":{"line":9,"column":63}},"6":{"start":{"line":12,"column":0},"end":{"line":12,"column":30}}},"fnMap":{},"branchMap":{},"s":{"0":5,"1":5,"2":5,"3":5,"4":5,"5":5,"6":5},"f":{},"b":{},"_coverageSchema":"1a1c01bbd47fc00a2c39e90264f33305004495a9","hash":"b38156a60f297b82d13cea8241ebc93dbe7c1bbe"}
}
