{"/home/stefano/Desktop/Progetto/Backend/server.js": {"path":"/home/stefano/Desktop/Progetto/Backend/server.js","statementMap":{"0":{"start":{"line":1,"column":16},"end":{"line":1,"column":34}},"1":{"start":{"line":2,"column":12},"end":{"line":2,"column":21}},"2":{"start":{"line":3,"column":13},"end":{"line":3,"column":28}},"3":{"start":{"line":6,"column":0},"end":{"line":6,"column":58}},"4":{"start":{"line":7,"column":0},"end":{"line":9,"column":3}},"5":{"start":{"line":8,"column":2},"end":{"line":8,"column":66}},"6":{"start":{"line":11,"column":21},"end":{"line":11,"column":58}},"7":{"start":{"line":12,"column":0},"end":{"line":12,"column":23}},"8":{"start":{"line":15,"column":0},"end":{"line":15,"column":46}},"9":{"start":{"line":16,"column":0},"end":{"line":16,"column":45}},"10":{"start":{"line":17,"column":0},"end":{"line":17,"column":45}},"11":{"start":{"line":18,"column":0},"end":{"line":18,"column":35}},"12":{"start":{"line":19,"column":0},"end":{"line":19,"column":52}},"13":{"start":{"line":20,"column":0},"end":{"line":20,"column":53}},"14":{"start":{"line":21,"column":0},"end":{"line":21,"column":49}},"15":{"start":{"line":22,"column":0},"end":{"line":22,"column":49}},"16":{"start":{"line":23,"column":0},"end":{"line":23,"column":46}},"17":{"start":{"line":26,"column":0},"end":{"line":26,"column":50}},"18":{"start":{"line":27,"column":0},"end":{"line":27,"column":50}},"19":{"start":{"line":28,"column":0},"end":{"line":28,"column":47}},"20":{"start":{"line":29,"column":0},"end":{"line":29,"column":65}},"21":{"start":{"line":32,"column":0},"end":{"line":32,"column":45}},"22":{"start":{"line":36,"column":0},"end":{"line":36,"column":52}},"23":{"start":{"line":37,"column":0},"end":{"line":37,"column":51}},"24":{"start":{"line":38,"column":0},"end":{"line":38,"column":59}},"25":{"start":{"line":39,"column":0},"end":{"line":39,"column":57}},"26":{"start":{"line":41,"column":0},"end":{"line":41,"column":21}}},"fnMap":{"0":{"name":"(anonymous_0)","decl":{"start":{"line":7,"column":13},"end":{"line":7,"column":14}},"loc":{"start":{"line":7,"column":27},"end":{"line":9,"column":1}},"line":7}},"branchMap":{},"s":{"0":1,"1":1,"2":1,"3":1,"4":1,"5":0,"6":1,"7":1,"8":1,"9":1,"10":1,"11":1,"12":1,"13":1,"14":1,"15":1,"16":1,"17":1,"18":1,"19":1,"20":1,"21":1,"22":1,"23":1,"24":1,"25":1,"26":1},"f":{"0":0},"b":{},"_coverageSchema":"1a1c01bbd47fc00a2c39e90264f33305004495a9","hash":"03c5c70787e716921b3ac4bdb9c3ba90be3bcf1d"}
,"/home/stefano/Desktop/Progetto/Backend/auxiliares/check.js": {"path":"/home/stefano/Desktop/Progetto/Backend/auxiliares/check.js","statementMap":{"0":{"start":{"line":1,"column":16},"end":{"line":15,"column":1}},"1":{"start":{"line":2,"column":15},"end":{"line":2,"column":28}},"2":{"start":{"line":3,"column":2},"end":{"line":5,"column":3}},"3":{"start":{"line":4,"column":6},"end":{"line":4,"column":19}},"4":{"start":{"line":7,"column":2},"end":{"line":14,"column":3}},"5":{"start":{"line":11,"column":6},"end":{"line":11,"column":18}},"6":{"start":{"line":13,"column":6},"end":{"line":13,"column":19}},"7":{"start":{"line":17,"column":22},"end":{"line":21,"column":1}},"8":{"start":{"line":18,"column":2},"end":{"line":20,"column":161}},"9":{"start":{"line":24,"column":0},"end":{"line":27,"column":2}}},"fnMap":{"0":{"name":"(anonymous_0)","decl":{"start":{"line":1,"column":16},"end":{"line":1,"column":17}},"loc":{"start":{"line":1,"column":34},"end":{"line":15,"column":1}},"line":1},"1":{"name":"(anonymous_1)","decl":{"start":{"line":17,"column":22},"end":{"line":17,"column":23}},"loc":{"start":{"line":17,"column":32},"end":{"line":21,"column":1}},"line":17}},"branchMap":{"0":{"loc":{"start":{"line":3,"column":2},"end":{"line":5,"column":3}},"type":"if","locations":[{"start":{"line":3,"column":2},"end":{"line":5,"column":3}},{"start":{},"end":{}}],"line":3},"1":{"loc":{"start":{"line":7,"column":2},"end":{"line":14,"column":3}},"type":"if","locations":[{"start":{"line":7,"column":2},"end":{"line":14,"column":3}},{"start":{"line":12,"column":9},"end":{"line":14,"column":3}}],"line":7},"2":{"loc":{"start":{"line":7,"column":5},"end":{"line":10,"column":23}},"type":"binary-expr","locations":[{"start":{"line":7,"column":5},"end":{"line":7,"column":23}},{"start":{"line":7,"column":27},"end":{"line":7,"column":45}},{"start":{"line":8,"column":5},"end":{"line":8,"column":23}},{"start":{"line":8,"column":27},"end":{"line":8,"column":45}},{"start":{"line":9,"column":5},"end":{"line":9,"column":23}},{"start":{"line":9,"column":27},"end":{"line":9,"column":45}},{"start":{"line":10,"column":5},"end":{"line":10,"column":23}}],"line":7}},"s":{"0":1,"1":1,"2":1,"3":0,"4":1,"5":0,"6":1,"7":1,"8":2,"9":1},"f":{"0":1,"1":2},"b":{"0":[0,1],"1":[0,1],"2":[1,1,1,1,1,1,1]},"_coverageSchema":"1a1c01bbd47fc00a2c39e90264f33305004495a9","hash":"01d556163c1adc7b486e3e7f52ae2dfd1c0974e6"}
,"/home/stefano/Desktop/Progetto/Backend/controllers/admin.js": {"path":"/home/stefano/Desktop/Progetto/Backend/controllers/admin.js","statementMap":{"0":{"start":{"line":1,"column":15},"end":{"line":1,"column":42}},"1":{"start":{"line":2,"column":14},"end":{"line":2,"column":39}},"2":{"start":{"line":3,"column":16},"end":{"line":3,"column":44}},"3":{"start":{"line":5,"column":20},"end":{"line":23,"column":1}},"4":{"start":{"line":6,"column":2},"end":{"line":22,"column":4}},"5":{"start":{"line":7,"column":6},"end":{"line":21,"column":7}},"6":{"start":{"line":8,"column":10},"end":{"line":10,"column":11}},"7":{"start":{"line":9,"column":14},"end":{"line":9,"column":95}},"8":{"start":{"line":12,"column":27},"end":{"line":16,"column":11}},"9":{"start":{"line":12,"column":47},"end":{"line":16,"column":9}},"10":{"start":{"line":17,"column":8},"end":{"line":17,"column":72}},"11":{"start":{"line":19,"column":10},"end":{"line":19,"column":60}},"12":{"start":{"line":19,"column":18},"end":{"line":19,"column":60}},"13":{"start":{"line":20,"column":10},"end":{"line":20,"column":91}},"14":{"start":{"line":25,"column":17},"end":{"line":61,"column":1}},"15":{"start":{"line":26,"column":2},"end":{"line":60,"column":4}},"16":{"start":{"line":27,"column":6},"end":{"line":59,"column":7}},"17":{"start":{"line":28,"column":10},"end":{"line":54,"column":11}},"18":{"start":{"line":34,"column":16},"end":{"line":41,"column":17}},"19":{"start":{"line":35,"column":33},"end":{"line":35,"column":69}},"20":{"start":{"line":36,"column":18},"end":{"line":36,"column":32}},"21":{"start":{"line":37,"column":18},"end":{"line":37,"column":27}},"22":{"start":{"line":40,"column":18},"end":{"line":40,"column":32}},"23":{"start":{"line":42,"column":33},"end":{"line":48,"column":18}},"24":{"start":{"line":49,"column":16},"end":{"line":52,"column":16}},"25":{"start":{"line":50,"column":18},"end":{"line":50,"column":69}},"26":{"start":{"line":50,"column":27},"end":{"line":50,"column":69}},"27":{"start":{"line":51,"column":18},"end":{"line":51,"column":52}},"28":{"start":{"line":57,"column":10},"end":{"line":57,"column":62}},"29":{"start":{"line":57,"column":19},"end":{"line":57,"column":62}},"30":{"start":{"line":58,"column":10},"end":{"line":58,"column":99}},"31":{"start":{"line":63,"column":21},"end":{"line":72,"column":1}},"32":{"start":{"line":64,"column":14},"end":{"line":64,"column":76}},"33":{"start":{"line":66,"column":2},"end":{"line":71,"column":3}},"34":{"start":{"line":67,"column":6},"end":{"line":67,"column":84}},"35":{"start":{"line":69,"column":6},"end":{"line":69,"column":63}},"36":{"start":{"line":70,"column":6},"end":{"line":70,"column":81}},"37":{"start":{"line":74,"column":28},"end":{"line":95,"column":1}},"38":{"start":{"line":75,"column":2},"end":{"line":94,"column":3}},"39":{"start":{"line":77,"column":17},"end":{"line":77,"column":73}},"40":{"start":{"line":79,"column":6},"end":{"line":81,"column":7}},"41":{"start":{"line":80,"column":10},"end":{"line":80,"column":88}},"42":{"start":{"line":84,"column":6},"end":{"line":88,"column":9}},"43":{"start":{"line":90,"column":6},"end":{"line":90,"column":90}},"44":{"start":{"line":92,"column":6},"end":{"line":92,"column":27}},"45":{"start":{"line":93,"column":6},"end":{"line":93,"column":92}},"46":{"start":{"line":99,"column":0},"end":{"line":104,"column":1}}},"fnMap":{"0":{"name":"(anonymous_0)","decl":{"start":{"line":5,"column":20},"end":{"line":5,"column":21}},"loc":{"start":{"line":5,"column":39},"end":{"line":23,"column":1}},"line":5},"1":{"name":"(anonymous_1)","decl":{"start":{"line":6,"column":17},"end":{"line":6,"column":18}},"loc":{"start":{"line":6,"column":29},"end":{"line":22,"column":3}},"line":6},"2":{"name":"(anonymous_2)","decl":{"start":{"line":12,"column":36},"end":{"line":12,"column":37}},"loc":{"start":{"line":12,"column":47},"end":{"line":16,"column":9}},"line":12},"3":{"name":"(anonymous_3)","decl":{"start":{"line":25,"column":17},"end":{"line":25,"column":18}},"loc":{"start":{"line":25,"column":37},"end":{"line":61,"column":1}},"line":25},"4":{"name":"(anonymous_4)","decl":{"start":{"line":26,"column":44},"end":{"line":26,"column":45}},"loc":{"start":{"line":26,"column":59},"end":{"line":60,"column":3}},"line":26},"5":{"name":"(anonymous_5)","decl":{"start":{"line":31,"column":27},"end":{"line":31,"column":28}},"loc":{"start":{"line":31,"column":40},"end":{"line":53,"column":15}},"line":31},"6":{"name":"(anonymous_6)","decl":{"start":{"line":49,"column":30},"end":{"line":49,"column":31}},"loc":{"start":{"line":49,"column":45},"end":{"line":52,"column":15}},"line":49},"7":{"name":"(anonymous_7)","decl":{"start":{"line":63,"column":21},"end":{"line":63,"column":22}},"loc":{"start":{"line":63,"column":41},"end":{"line":72,"column":1}},"line":63},"8":{"name":"(anonymous_8)","decl":{"start":{"line":74,"column":28},"end":{"line":74,"column":29}},"loc":{"start":{"line":74,"column":48},"end":{"line":95,"column":1}},"line":74}},"branchMap":{"0":{"loc":{"start":{"line":7,"column":6},"end":{"line":21,"column":7}},"type":"if","locations":[{"start":{"line":7,"column":6},"end":{"line":21,"column":7}},{"start":{"line":18,"column":19},"end":{"line":21,"column":7}}],"line":7},"1":{"loc":{"start":{"line":8,"column":10},"end":{"line":10,"column":11}},"type":"if","locations":[{"start":{"line":8,"column":10},"end":{"line":10,"column":11}},{"start":{},"end":{}}],"line":8},"2":{"loc":{"start":{"line":19,"column":10},"end":{"line":19,"column":60}},"type":"if","locations":[{"start":{"line":19,"column":10},"end":{"line":19,"column":60}},{"start":{},"end":{}}],"line":19},"3":{"loc":{"start":{"line":27,"column":6},"end":{"line":59,"column":7}},"type":"if","locations":[{"start":{"line":27,"column":6},"end":{"line":59,"column":7}},{"start":{"line":56,"column":11},"end":{"line":59,"column":7}}],"line":27},"4":{"loc":{"start":{"line":34,"column":16},"end":{"line":41,"column":17}},"type":"if","locations":[{"start":{"line":34,"column":16},"end":{"line":41,"column":17}},{"start":{"line":39,"column":20},"end":{"line":41,"column":17}}],"line":34},"5":{"loc":{"start":{"line":50,"column":18},"end":{"line":50,"column":69}},"type":"if","locations":[{"start":{"line":50,"column":18},"end":{"line":50,"column":69}},{"start":{},"end":{}}],"line":50},"6":{"loc":{"start":{"line":57,"column":10},"end":{"line":57,"column":62}},"type":"if","locations":[{"start":{"line":57,"column":10},"end":{"line":57,"column":62}},{"start":{},"end":{}}],"line":57},"7":{"loc":{"start":{"line":66,"column":2},"end":{"line":71,"column":3}},"type":"if","locations":[{"start":{"line":66,"column":2},"end":{"line":71,"column":3}},{"start":{"line":68,"column":9},"end":{"line":71,"column":3}}],"line":66},"8":{"loc":{"start":{"line":79,"column":6},"end":{"line":81,"column":7}},"type":"if","locations":[{"start":{"line":79,"column":6},"end":{"line":81,"column":7}},{"start":{},"end":{}}],"line":79}},"s":{"0":1,"1":1,"2":1,"3":1,"4":0,"5":0,"6":0,"7":0,"8":0,"9":0,"10":0,"11":0,"12":0,"13":0,"14":1,"15":0,"16":0,"17":0,"18":0,"19":0,"20":0,"21":0,"22":0,"23":0,"24":0,"25":0,"26":0,"27":0,"28":0,"29":0,"30":0,"31":1,"32":0,"33":0,"34":0,"35":0,"36":0,"37":1,"38":0,"39":0,"40":0,"41":0,"42":0,"43":0,"44":0,"45":0,"46":1},"f":{"0":0,"1":0,"2":0,"3":0,"4":0,"5":0,"6":0,"7":0,"8":0},"b":{"0":[0,0],"1":[0,0],"2":[0,0],"3":[0,0],"4":[0,0],"5":[0,0],"6":[0,0],"7":[0,0],"8":[0,0]},"_coverageSchema":"1a1c01bbd47fc00a2c39e90264f33305004495a9","hash":"78dc595c0a2191aab7a44891dfb644e37fe97869"}
,"/home/stefano/Desktop/Progetto/Backend/controllers/authentication.js": {"path":"/home/stefano/Desktop/Progetto/Backend/controllers/authentication.js","statementMap":{"0":{"start":{"line":1,"column":15},"end":{"line":1,"column":42}},"1":{"start":{"line":2,"column":12},"end":{"line":2,"column":35}},"2":{"start":{"line":6,"column":14},"end":{"line":21,"column":1}},"3":{"start":{"line":7,"column":13},"end":{"line":7,"column":65}},"4":{"start":{"line":9,"column":2},"end":{"line":11,"column":3}},"5":{"start":{"line":10,"column":6},"end":{"line":10,"column":83}},"6":{"start":{"line":13,"column":2},"end":{"line":15,"column":3}},"7":{"start":{"line":14,"column":6},"end":{"line":14,"column":87}},"8":{"start":{"line":17,"column":16},"end":{"line":17,"column":60}},"9":{"start":{"line":18,"column":16},"end":{"line":18,"column":34}},"10":{"start":{"line":19,"column":12},"end":{"line":19,"column":49}},"11":{"start":{"line":20,"column":2},"end":{"line":20,"column":142}},"12":{"start":{"line":23,"column":15},"end":{"line":34,"column":1}},"13":{"start":{"line":24,"column":12},"end":{"line":24,"column":41}},"14":{"start":{"line":25,"column":2},"end":{"line":33,"column":3}},"15":{"start":{"line":26,"column":20},"end":{"line":26,"column":22}},"16":{"start":{"line":27,"column":20},"end":{"line":27,"column":34}},"17":{"start":{"line":28,"column":16},"end":{"line":28,"column":53}},"18":{"start":{"line":30,"column":6},"end":{"line":30,"column":79}},"19":{"start":{"line":32,"column":6},"end":{"line":32,"column":87}},"20":{"start":{"line":37,"column":0},"end":{"line":40,"column":2}}},"fnMap":{"0":{"name":"(anonymous_0)","decl":{"start":{"line":6,"column":14},"end":{"line":6,"column":15}},"loc":{"start":{"line":6,"column":38},"end":{"line":21,"column":1}},"line":6},"1":{"name":"(anonymous_1)","decl":{"start":{"line":23,"column":15},"end":{"line":23,"column":16}},"loc":{"start":{"line":23,"column":34},"end":{"line":34,"column":1}},"line":23}},"branchMap":{"0":{"loc":{"start":{"line":9,"column":2},"end":{"line":11,"column":3}},"type":"if","locations":[{"start":{"line":9,"column":2},"end":{"line":11,"column":3}},{"start":{},"end":{}}],"line":9},"1":{"loc":{"start":{"line":13,"column":2},"end":{"line":15,"column":3}},"type":"if","locations":[{"start":{"line":13,"column":2},"end":{"line":15,"column":3}},{"start":{},"end":{}}],"line":13},"2":{"loc":{"start":{"line":25,"column":2},"end":{"line":33,"column":3}},"type":"if","locations":[{"start":{"line":25,"column":2},"end":{"line":33,"column":3}},{"start":{"line":31,"column":9},"end":{"line":33,"column":3}}],"line":25}},"s":{"0":1,"1":1,"2":1,"3":0,"4":0,"5":0,"6":0,"7":0,"8":0,"9":0,"10":0,"11":0,"12":1,"13":0,"14":0,"15":0,"16":0,"17":0,"18":0,"19":0,"20":1},"f":{"0":0,"1":0},"b":{"0":[0,0],"1":[0,0],"2":[0,0]},"_coverageSchema":"1a1c01bbd47fc00a2c39e90264f33305004495a9","hash":"e383f8648400f401e732339c4a58742d4590b9ae"}
,"/home/stefano/Desktop/Progetto/Backend/controllers/book.js": {"path":"/home/stefano/Desktop/Progetto/Backend/controllers/book.js","statementMap":{"0":{"start":{"line":1,"column":14},"end":{"line":1,"column":39}},"1":{"start":{"line":2,"column":16},"end":{"line":2,"column":44}},"2":{"start":{"line":4,"column":23},"end":{"line":13,"column":1}},"3":{"start":{"line":5,"column":16},"end":{"line":5,"column":75}},"4":{"start":{"line":7,"column":4},"end":{"line":12,"column":5}},"5":{"start":{"line":8,"column":8},"end":{"line":8,"column":85}},"6":{"start":{"line":10,"column":8},"end":{"line":10,"column":61}},"7":{"start":{"line":11,"column":8},"end":{"line":11,"column":37}},"8":{"start":{"line":15,"column":22},"end":{"line":48,"column":6}},"9":{"start":{"line":16,"column":16},"end":{"line":16,"column":18}},"10":{"start":{"line":18,"column":4},"end":{"line":20,"column":5}},"11":{"start":{"line":19,"column":8},"end":{"line":19,"column":40}},"12":{"start":{"line":22,"column":4},"end":{"line":24,"column":5}},"13":{"start":{"line":23,"column":8},"end":{"line":23,"column":48}},"14":{"start":{"line":25,"column":4},"end":{"line":27,"column":5}},"15":{"start":{"line":26,"column":8},"end":{"line":26,"column":50}},"16":{"start":{"line":28,"column":16},"end":{"line":28,"column":46}},"17":{"start":{"line":30,"column":4},"end":{"line":48,"column":5}},"18":{"start":{"line":31,"column":8},"end":{"line":31,"column":85}},"19":{"start":{"line":33,"column":22},"end":{"line":33,"column":24}},"20":{"start":{"line":35,"column":8},"end":{"line":43,"column":9}},"21":{"start":{"line":36,"column":70},"end":{"line":36,"column":74}},"22":{"start":{"line":37,"column":12},"end":{"line":42,"column":15}},"23":{"start":{"line":44,"column":8},"end":{"line":47,"column":96}},"24":{"start":{"line":45,"column":12},"end":{"line":45,"column":89}},"25":{"start":{"line":47,"column":8},"end":{"line":47,"column":95}},"26":{"start":{"line":50,"column":17},"end":{"line":83,"column":1}},"27":{"start":{"line":52,"column":4},"end":{"line":82,"column":5}},"28":{"start":{"line":53,"column":24},"end":{"line":53,"column":26}},"29":{"start":{"line":54,"column":12},"end":{"line":56,"column":13}},"30":{"start":{"line":55,"column":16},"end":{"line":55,"column":48}},"31":{"start":{"line":58,"column":12},"end":{"line":60,"column":13}},"32":{"start":{"line":59,"column":16},"end":{"line":59,"column":56}},"33":{"start":{"line":61,"column":12},"end":{"line":63,"column":13}},"34":{"start":{"line":62,"column":16},"end":{"line":62,"column":46}},"35":{"start":{"line":64,"column":19},"end":{"line":64,"column":49}},"36":{"start":{"line":65,"column":8},"end":{"line":78,"column":9}},"37":{"start":{"line":66,"column":12},"end":{"line":66,"column":93}},"38":{"start":{"line":69,"column":26},"end":{"line":76,"column":15}},"39":{"start":{"line":69,"column":44},"end":{"line":76,"column":13}},"40":{"start":{"line":77,"column":12},"end":{"line":77,"column":73}},"41":{"start":{"line":80,"column":8},"end":{"line":80,"column":29}},"42":{"start":{"line":81,"column":8},"end":{"line":81,"column":94}},"43":{"start":{"line":85,"column":28},"end":{"line":106,"column":1}},"44":{"start":{"line":86,"column":4},"end":{"line":105,"column":5}},"45":{"start":{"line":88,"column":19},"end":{"line":88,"column":75}},"46":{"start":{"line":90,"column":8},"end":{"line":92,"column":9}},"47":{"start":{"line":91,"column":12},"end":{"line":91,"column":90}},"48":{"start":{"line":95,"column":8},"end":{"line":99,"column":11}},"49":{"start":{"line":101,"column":8},"end":{"line":101,"column":92}},"50":{"start":{"line":103,"column":8},"end":{"line":103,"column":29}},"51":{"start":{"line":104,"column":8},"end":{"line":104,"column":94}},"52":{"start":{"line":109,"column":0},"end":{"line":114,"column":2}}},"fnMap":{"0":{"name":"(anonymous_0)","decl":{"start":{"line":4,"column":23},"end":{"line":4,"column":24}},"loc":{"start":{"line":4,"column":43},"end":{"line":13,"column":1}},"line":4},"1":{"name":"(anonymous_1)","decl":{"start":{"line":15,"column":22},"end":{"line":15,"column":23}},"loc":{"start":{"line":15,"column":42},"end":{"line":48,"column":6}},"line":15},"2":{"name":"(anonymous_2)","decl":{"start":{"line":50,"column":17},"end":{"line":50,"column":18}},"loc":{"start":{"line":50,"column":37},"end":{"line":83,"column":1}},"line":50},"3":{"name":"(anonymous_3)","decl":{"start":{"line":69,"column":35},"end":{"line":69,"column":36}},"loc":{"start":{"line":69,"column":44},"end":{"line":76,"column":13}},"line":69},"4":{"name":"(anonymous_4)","decl":{"start":{"line":85,"column":28},"end":{"line":85,"column":29}},"loc":{"start":{"line":85,"column":48},"end":{"line":106,"column":1}},"line":85}},"branchMap":{"0":{"loc":{"start":{"line":7,"column":4},"end":{"line":12,"column":5}},"type":"if","locations":[{"start":{"line":7,"column":4},"end":{"line":12,"column":5}},{"start":{"line":9,"column":11},"end":{"line":12,"column":5}}],"line":7},"1":{"loc":{"start":{"line":18,"column":4},"end":{"line":20,"column":5}},"type":"if","locations":[{"start":{"line":18,"column":4},"end":{"line":20,"column":5}},{"start":{},"end":{}}],"line":18},"2":{"loc":{"start":{"line":22,"column":4},"end":{"line":24,"column":5}},"type":"if","locations":[{"start":{"line":22,"column":4},"end":{"line":24,"column":5}},{"start":{},"end":{}}],"line":22},"3":{"loc":{"start":{"line":25,"column":4},"end":{"line":27,"column":5}},"type":"if","locations":[{"start":{"line":25,"column":4},"end":{"line":27,"column":5}},{"start":{},"end":{}}],"line":25},"4":{"loc":{"start":{"line":30,"column":4},"end":{"line":48,"column":5}},"type":"if","locations":[{"start":{"line":30,"column":4},"end":{"line":48,"column":5}},{"start":{"line":32,"column":11},"end":{"line":48,"column":5}}],"line":30},"5":{"loc":{"start":{"line":44,"column":8},"end":{"line":47,"column":96}},"type":"if","locations":[{"start":{"line":44,"column":8},"end":{"line":47,"column":96}},{"start":{"line":46,"column":15},"end":{"line":47,"column":96}}],"line":44},"6":{"loc":{"start":{"line":54,"column":12},"end":{"line":56,"column":13}},"type":"if","locations":[{"start":{"line":54,"column":12},"end":{"line":56,"column":13}},{"start":{},"end":{}}],"line":54},"7":{"loc":{"start":{"line":58,"column":12},"end":{"line":60,"column":13}},"type":"if","locations":[{"start":{"line":58,"column":12},"end":{"line":60,"column":13}},{"start":{},"end":{}}],"line":58},"8":{"loc":{"start":{"line":61,"column":12},"end":{"line":63,"column":13}},"type":"if","locations":[{"start":{"line":61,"column":12},"end":{"line":63,"column":13}},{"start":{},"end":{}}],"line":61},"9":{"loc":{"start":{"line":65,"column":8},"end":{"line":78,"column":9}},"type":"if","locations":[{"start":{"line":65,"column":8},"end":{"line":78,"column":9}},{"start":{"line":67,"column":15},"end":{"line":78,"column":9}}],"line":65},"10":{"loc":{"start":{"line":90,"column":8},"end":{"line":92,"column":9}},"type":"if","locations":[{"start":{"line":90,"column":8},"end":{"line":92,"column":9}},{"start":{},"end":{}}],"line":90}},"s":{"0":1,"1":1,"2":1,"3":0,"4":0,"5":0,"6":0,"7":0,"8":1,"9":6,"10":6,"11":2,"12":6,"13":3,"14":6,"15":1,"16":6,"17":6,"18":0,"19":6,"20":6,"21":9,"22":9,"23":6,"24":3,"25":3,"26":1,"27":0,"28":0,"29":0,"30":0,"31":0,"32":0,"33":0,"34":0,"35":0,"36":0,"37":0,"38":0,"39":0,"40":0,"41":0,"42":0,"43":1,"44":0,"45":0,"46":0,"47":0,"48":0,"49":0,"50":0,"51":0,"52":1},"f":{"0":0,"1":6,"2":0,"3":0,"4":0},"b":{"0":[0,0],"1":[2,4],"2":[3,3],"3":[1,5],"4":[0,6],"5":[3,3],"6":[0,0],"7":[0,0],"8":[0,0],"9":[0,0],"10":[0,0]},"_coverageSchema":"1a1c01bbd47fc00a2c39e90264f33305004495a9","hash":"916b7bf294b23b7aab94b4a382610e0b2eef3dac"}
,"/home/stefano/Desktop/Progetto/Backend/controllers/disponibilita.js": {"path":"/home/stefano/Desktop/Progetto/Backend/controllers/disponibilita.js","statementMap":{"0":{"start":{"line":1,"column":0},"end":{"line":1,"column":33}},"1":{"start":{"line":3,"column":28},"end":{"line":24,"column":1}},"2":{"start":{"line":4,"column":2},"end":{"line":23,"column":3}},"3":{"start":{"line":6,"column":17},"end":{"line":6,"column":73}},"4":{"start":{"line":8,"column":6},"end":{"line":10,"column":7}},"5":{"start":{"line":9,"column":10},"end":{"line":9,"column":88}},"6":{"start":{"line":13,"column":6},"end":{"line":17,"column":9}},"7":{"start":{"line":19,"column":6},"end":{"line":19,"column":90}},"8":{"start":{"line":21,"column":6},"end":{"line":21,"column":27}},"9":{"start":{"line":22,"column":6},"end":{"line":22,"column":92}},"10":{"start":{"line":26,"column":0},"end":{"line":28,"column":1}}},"fnMap":{"0":{"name":"(anonymous_0)","decl":{"start":{"line":3,"column":28},"end":{"line":3,"column":29}},"loc":{"start":{"line":3,"column":48},"end":{"line":24,"column":1}},"line":3}},"branchMap":{"0":{"loc":{"start":{"line":8,"column":6},"end":{"line":10,"column":7}},"type":"if","locations":[{"start":{"line":8,"column":6},"end":{"line":10,"column":7}},{"start":{},"end":{}}],"line":8}},"s":{"0":1,"1":1,"2":0,"3":0,"4":0,"5":0,"6":0,"7":0,"8":0,"9":0,"10":1},"f":{"0":0},"b":{"0":[0,0]},"_coverageSchema":"1a1c01bbd47fc00a2c39e90264f33305004495a9","hash":"1cc4fde60b7b54cc17800160e2c1817fe4cdeb6b"}
,"/home/stefano/Desktop/Progetto/Backend/controllers/tokenChecker.js": {"path":"/home/stefano/Desktop/Progetto/Backend/controllers/tokenChecker.js","statementMap":{"0":{"start":{"line":1,"column":12},"end":{"line":1,"column":35}},"1":{"start":{"line":4,"column":21},"end":{"line":31,"column":1}},"2":{"start":{"line":7,"column":13},"end":{"line":7,"column":79}},"3":{"start":{"line":10,"column":1},"end":{"line":15,"column":2}},"4":{"start":{"line":11,"column":2},"end":{"line":14,"column":5}},"5":{"start":{"line":18,"column":1},"end":{"line":29,"column":4}},"6":{"start":{"line":19,"column":2},"end":{"line":28,"column":3}},"7":{"start":{"line":20,"column":3},"end":{"line":23,"column":6}},"8":{"start":{"line":26,"column":3},"end":{"line":26,"column":28}},"9":{"start":{"line":27,"column":3},"end":{"line":27,"column":10}},"10":{"start":{"line":33,"column":0},"end":{"line":33,"column":29}}},"fnMap":{"0":{"name":"(anonymous_0)","decl":{"start":{"line":4,"column":21},"end":{"line":4,"column":22}},"loc":{"start":{"line":4,"column":46},"end":{"line":31,"column":1}},"line":4},"1":{"name":"(anonymous_1)","decl":{"start":{"line":18,"column":30},"end":{"line":18,"column":31}},"loc":{"start":{"line":18,"column":53},"end":{"line":29,"column":2}},"line":18}},"branchMap":{"0":{"loc":{"start":{"line":7,"column":13},"end":{"line":7,"column":79}},"type":"binary-expr","locations":[{"start":{"line":7,"column":13},"end":{"line":7,"column":27}},{"start":{"line":7,"column":31},"end":{"line":7,"column":46}},{"start":{"line":7,"column":50},"end":{"line":7,"column":79}}],"line":7},"1":{"loc":{"start":{"line":10,"column":1},"end":{"line":15,"column":2}},"type":"if","locations":[{"start":{"line":10,"column":1},"end":{"line":15,"column":2}},{"start":{},"end":{}}],"line":10},"2":{"loc":{"start":{"line":19,"column":2},"end":{"line":28,"column":3}},"type":"if","locations":[{"start":{"line":19,"column":2},"end":{"line":28,"column":3}},{"start":{"line":24,"column":9},"end":{"line":28,"column":3}}],"line":19}},"s":{"0":1,"1":1,"2":0,"3":0,"4":0,"5":0,"6":0,"7":0,"8":0,"9":0,"10":1},"f":{"0":0,"1":0},"b":{"0":[0,0,0],"1":[0,0],"2":[0,0]},"_coverageSchema":"1a1c01bbd47fc00a2c39e90264f33305004495a9","hash":"8660131be3cab055e24ad031514037b279baf054"}
,"/home/stefano/Desktop/Progetto/Backend/controllers/utente.js": {"path":"/home/stefano/Desktop/Progetto/Backend/controllers/utente.js","statementMap":{"0":{"start":{"line":2,"column":21},"end":{"line":2,"column":54}},"1":{"start":{"line":3,"column":15},"end":{"line":3,"column":42}},"2":{"start":{"line":4,"column":14},"end":{"line":4,"column":39}},"3":{"start":{"line":5,"column":16},"end":{"line":5,"column":44}},"4":{"start":{"line":6,"column":12},"end":{"line":6,"column":42}},"5":{"start":{"line":9,"column":15},"end":{"line":56,"column":3}},"6":{"start":{"line":10,"column":4},"end":{"line":55,"column":6}},"7":{"start":{"line":11,"column":8},"end":{"line":54,"column":9}},"8":{"start":{"line":12,"column":12},"end":{"line":49,"column":13}},"9":{"start":{"line":18,"column":18},"end":{"line":25,"column":19}},"10":{"start":{"line":19,"column":35},"end":{"line":19,"column":71}},"11":{"start":{"line":20,"column":20},"end":{"line":20,"column":34}},"12":{"start":{"line":21,"column":20},"end":{"line":21,"column":29}},"13":{"start":{"line":24,"column":20},"end":{"line":24,"column":34}},"14":{"start":{"line":26,"column":36},"end":{"line":32,"column":20}},"15":{"start":{"line":34,"column":16},"end":{"line":37,"column":17}},"16":{"start":{"line":35,"column":20},"end":{"line":35,"column":72}},"17":{"start":{"line":36,"column":20},"end":{"line":36,"column":27}},"18":{"start":{"line":38,"column":16},"end":{"line":42,"column":13}},"19":{"start":{"line":39,"column":20},"end":{"line":39,"column":75}},"20":{"start":{"line":40,"column":20},"end":{"line":40,"column":27}},"21":{"start":{"line":44,"column":16},"end":{"line":47,"column":18}},"22":{"start":{"line":45,"column":20},"end":{"line":45,"column":71}},"23":{"start":{"line":45,"column":29},"end":{"line":45,"column":71}},"24":{"start":{"line":46,"column":20},"end":{"line":46,"column":111}},"25":{"start":{"line":52,"column":12},"end":{"line":52,"column":64}},"26":{"start":{"line":52,"column":21},"end":{"line":52,"column":64}},"27":{"start":{"line":53,"column":12},"end":{"line":53,"column":107}},"28":{"start":{"line":58,"column":18},"end":{"line":67,"column":1}},"29":{"start":{"line":59,"column":16},"end":{"line":59,"column":68}},"30":{"start":{"line":61,"column":4},"end":{"line":66,"column":5}},"31":{"start":{"line":62,"column":8},"end":{"line":62,"column":92}},"32":{"start":{"line":64,"column":8},"end":{"line":64,"column":62}},"33":{"start":{"line":65,"column":8},"end":{"line":65,"column":89}},"34":{"start":{"line":69,"column":19},"end":{"line":78,"column":1}},"35":{"start":{"line":70,"column":16},"end":{"line":70,"column":81}},"36":{"start":{"line":72,"column":4},"end":{"line":77,"column":5}},"37":{"start":{"line":73,"column":8},"end":{"line":73,"column":92}},"38":{"start":{"line":75,"column":8},"end":{"line":75,"column":67}},"39":{"start":{"line":76,"column":8},"end":{"line":76,"column":37}},"40":{"start":{"line":80,"column":17},"end":{"line":98,"column":1}},"41":{"start":{"line":81,"column":15},"end":{"line":81,"column":74}},"42":{"start":{"line":83,"column":16},"end":{"line":83,"column":73}},"43":{"start":{"line":85,"column":18},"end":{"line":89,"column":5}},"44":{"start":{"line":91,"column":4},"end":{"line":97,"column":5}},"45":{"start":{"line":92,"column":8},"end":{"line":92,"column":89}},"46":{"start":{"line":94,"column":8},"end":{"line":94,"column":59}},"47":{"start":{"line":96,"column":8},"end":{"line":96,"column":60}},"48":{"start":{"line":100,"column":17},"end":{"line":131,"column":1}},"49":{"start":{"line":101,"column":4},"end":{"line":130,"column":5}},"50":{"start":{"line":102,"column":19},"end":{"line":102,"column":82}},"51":{"start":{"line":104,"column":8},"end":{"line":106,"column":9}},"52":{"start":{"line":105,"column":12},"end":{"line":105,"column":91}},"53":{"start":{"line":108,"column":20},"end":{"line":108,"column":22}},"54":{"start":{"line":109,"column":16},"end":{"line":111,"column":9}},"55":{"start":{"line":112,"column":8},"end":{"line":124,"column":9}},"56":{"start":{"line":112,"column":21},"end":{"line":112,"column":22}},"57":{"start":{"line":113,"column":26},"end":{"line":113,"column":47}},"58":{"start":{"line":114,"column":22},"end":{"line":114,"column":72}},"59":{"start":{"line":116,"column":20},"end":{"line":120,"column":13}},"60":{"start":{"line":122,"column":12},"end":{"line":122,"column":26}},"61":{"start":{"line":123,"column":12},"end":{"line":123,"column":27}},"62":{"start":{"line":126,"column":8},"end":{"line":126,"column":47}},"63":{"start":{"line":128,"column":8},"end":{"line":128,"column":29}},"64":{"start":{"line":129,"column":8},"end":{"line":129,"column":86}},"65":{"start":{"line":133,"column":16},"end":{"line":173,"column":1}},"66":{"start":{"line":138,"column":20},"end":{"line":138,"column":30}},"67":{"start":{"line":139,"column":17},"end":{"line":139,"column":57}},"68":{"start":{"line":140,"column":17},"end":{"line":140,"column":62}},"69":{"start":{"line":141,"column":19},"end":{"line":141,"column":38}},"70":{"start":{"line":142,"column":8},"end":{"line":142,"column":43}},"71":{"start":{"line":143,"column":8},"end":{"line":145,"column":9}},"72":{"start":{"line":144,"column":12},"end":{"line":144,"column":25}},"73":{"start":{"line":146,"column":8},"end":{"line":146,"column":20}},"74":{"start":{"line":149,"column":4},"end":{"line":172,"column":5}},"75":{"start":{"line":151,"column":19},"end":{"line":151,"column":72}},"76":{"start":{"line":153,"column":8},"end":{"line":155,"column":9}},"77":{"start":{"line":154,"column":12},"end":{"line":154,"column":91}},"78":{"start":{"line":158,"column":8},"end":{"line":163,"column":11}},"79":{"start":{"line":164,"column":8},"end":{"line":166,"column":9}},"80":{"start":{"line":165,"column":12},"end":{"line":165,"column":88}},"81":{"start":{"line":168,"column":8},"end":{"line":168,"column":90}},"82":{"start":{"line":170,"column":8},"end":{"line":170,"column":29}},"83":{"start":{"line":171,"column":8},"end":{"line":171,"column":94}},"84":{"start":{"line":175,"column":20},"end":{"line":207,"column":1}},"85":{"start":{"line":176,"column":4},"end":{"line":206,"column":5}},"86":{"start":{"line":178,"column":19},"end":{"line":178,"column":72}},"87":{"start":{"line":179,"column":19},"end":{"line":179,"column":74}},"88":{"start":{"line":182,"column":8},"end":{"line":184,"column":9}},"89":{"start":{"line":183,"column":12},"end":{"line":183,"column":90}},"90":{"start":{"line":186,"column":8},"end":{"line":202,"column":5}},"91":{"start":{"line":187,"column":12},"end":{"line":187,"column":91}},"92":{"start":{"line":189,"column":12},"end":{"line":191,"column":13}},"93":{"start":{"line":192,"column":12},"end":{"line":192,"column":49}},"94":{"start":{"line":194,"column":12},"end":{"line":199,"column":11}},"95":{"start":{"line":201,"column":8},"end":{"line":201,"column":82}},"96":{"start":{"line":204,"column":8},"end":{"line":204,"column":29}},"97":{"start":{"line":205,"column":8},"end":{"line":205,"column":94}},"98":{"start":{"line":209,"column":14},"end":{"line":230,"column":1}},"99":{"start":{"line":210,"column":4},"end":{"line":229,"column":5}},"100":{"start":{"line":212,"column":19},"end":{"line":212,"column":72}},"101":{"start":{"line":214,"column":8},"end":{"line":216,"column":9}},"102":{"start":{"line":215,"column":12},"end":{"line":215,"column":91}},"103":{"start":{"line":219,"column":8},"end":{"line":223,"column":11}},"104":{"start":{"line":225,"column":8},"end":{"line":225,"column":81}},"105":{"start":{"line":227,"column":8},"end":{"line":227,"column":29}},"106":{"start":{"line":228,"column":8},"end":{"line":228,"column":94}},"107":{"start":{"line":235,"column":0},"end":{"line":244,"column":2}}},"fnMap":{"0":{"name":"(anonymous_0)","decl":{"start":{"line":9,"column":15},"end":{"line":9,"column":16}},"loc":{"start":{"line":9,"column":35},"end":{"line":56,"column":3}},"line":9},"1":{"name":"(anonymous_1)","decl":{"start":{"line":10,"column":42},"end":{"line":10,"column":43}},"loc":{"start":{"line":10,"column":57},"end":{"line":55,"column":5}},"line":10},"2":{"name":"(anonymous_2)","decl":{"start":{"line":15,"column":29},"end":{"line":15,"column":30}},"loc":{"start":{"line":15,"column":42},"end":{"line":48,"column":17}},"line":15},"3":{"name":"(anonymous_3)","decl":{"start":{"line":44,"column":31},"end":{"line":44,"column":32}},"loc":{"start":{"line":44,"column":46},"end":{"line":47,"column":17}},"line":44},"4":{"name":"(anonymous_4)","decl":{"start":{"line":58,"column":18},"end":{"line":58,"column":19}},"loc":{"start":{"line":58,"column":38},"end":{"line":67,"column":1}},"line":58},"5":{"name":"(anonymous_5)","decl":{"start":{"line":69,"column":19},"end":{"line":69,"column":20}},"loc":{"start":{"line":69,"column":39},"end":{"line":78,"column":1}},"line":69},"6":{"name":"(anonymous_6)","decl":{"start":{"line":80,"column":17},"end":{"line":80,"column":18}},"loc":{"start":{"line":80,"column":37},"end":{"line":98,"column":1}},"line":80},"7":{"name":"(anonymous_7)","decl":{"start":{"line":100,"column":17},"end":{"line":100,"column":18}},"loc":{"start":{"line":100,"column":37},"end":{"line":131,"column":1}},"line":100},"8":{"name":"(anonymous_8)","decl":{"start":{"line":133,"column":16},"end":{"line":133,"column":17}},"loc":{"start":{"line":133,"column":36},"end":{"line":173,"column":1}},"line":133},"9":{"name":"compareDates","decl":{"start":{"line":137,"column":13},"end":{"line":137,"column":25}},"loc":{"start":{"line":137,"column":28},"end":{"line":147,"column":5}},"line":137},"10":{"name":"(anonymous_10)","decl":{"start":{"line":175,"column":20},"end":{"line":175,"column":21}},"loc":{"start":{"line":175,"column":40},"end":{"line":207,"column":1}},"line":175},"11":{"name":"(anonymous_11)","decl":{"start":{"line":209,"column":14},"end":{"line":209,"column":15}},"loc":{"start":{"line":209,"column":34},"end":{"line":230,"column":1}},"line":209}},"branchMap":{"0":{"loc":{"start":{"line":11,"column":8},"end":{"line":54,"column":9}},"type":"if","locations":[{"start":{"line":11,"column":8},"end":{"line":54,"column":9}},{"start":{"line":51,"column":13},"end":{"line":54,"column":9}}],"line":11},"1":{"loc":{"start":{"line":18,"column":18},"end":{"line":25,"column":19}},"type":"if","locations":[{"start":{"line":18,"column":18},"end":{"line":25,"column":19}},{"start":{"line":23,"column":22},"end":{"line":25,"column":19}}],"line":18},"2":{"loc":{"start":{"line":34,"column":16},"end":{"line":37,"column":17}},"type":"if","locations":[{"start":{"line":34,"column":16},"end":{"line":37,"column":17}},{"start":{},"end":{}}],"line":34},"3":{"loc":{"start":{"line":38,"column":16},"end":{"line":42,"column":13}},"type":"if","locations":[{"start":{"line":38,"column":16},"end":{"line":42,"column":13}},{"start":{},"end":{}}],"line":38},"4":{"loc":{"start":{"line":45,"column":20},"end":{"line":45,"column":71}},"type":"if","locations":[{"start":{"line":45,"column":20},"end":{"line":45,"column":71}},{"start":{},"end":{}}],"line":45},"5":{"loc":{"start":{"line":52,"column":12},"end":{"line":52,"column":64}},"type":"if","locations":[{"start":{"line":52,"column":12},"end":{"line":52,"column":64}},{"start":{},"end":{}}],"line":52},"6":{"loc":{"start":{"line":61,"column":4},"end":{"line":66,"column":5}},"type":"if","locations":[{"start":{"line":61,"column":4},"end":{"line":66,"column":5}},{"start":{"line":63,"column":11},"end":{"line":66,"column":5}}],"line":61},"7":{"loc":{"start":{"line":72,"column":4},"end":{"line":77,"column":5}},"type":"if","locations":[{"start":{"line":72,"column":4},"end":{"line":77,"column":5}},{"start":{"line":74,"column":11},"end":{"line":77,"column":5}}],"line":72},"8":{"loc":{"start":{"line":91,"column":4},"end":{"line":97,"column":5}},"type":"if","locations":[{"start":{"line":91,"column":4},"end":{"line":97,"column":5}},{"start":{"line":93,"column":11},"end":{"line":97,"column":5}}],"line":91},"9":{"loc":{"start":{"line":104,"column":8},"end":{"line":106,"column":9}},"type":"if","locations":[{"start":{"line":104,"column":8},"end":{"line":106,"column":9}},{"start":{},"end":{}}],"line":104},"10":{"loc":{"start":{"line":143,"column":8},"end":{"line":145,"column":9}},"type":"if","locations":[{"start":{"line":143,"column":8},"end":{"line":145,"column":9}},{"start":{},"end":{}}],"line":143},"11":{"loc":{"start":{"line":153,"column":8},"end":{"line":155,"column":9}},"type":"if","locations":[{"start":{"line":153,"column":8},"end":{"line":155,"column":9}},{"start":{},"end":{}}],"line":153},"12":{"loc":{"start":{"line":164,"column":8},"end":{"line":166,"column":9}},"type":"if","locations":[{"start":{"line":164,"column":8},"end":{"line":166,"column":9}},{"start":{},"end":{}}],"line":164},"13":{"loc":{"start":{"line":182,"column":8},"end":{"line":184,"column":9}},"type":"if","locations":[{"start":{"line":182,"column":8},"end":{"line":184,"column":9}},{"start":{},"end":{}}],"line":182},"14":{"loc":{"start":{"line":186,"column":8},"end":{"line":202,"column":5}},"type":"if","locations":[{"start":{"line":186,"column":8},"end":{"line":202,"column":5}},{"start":{"line":188,"column":14},"end":{"line":202,"column":5}}],"line":186},"15":{"loc":{"start":{"line":214,"column":8},"end":{"line":216,"column":9}},"type":"if","locations":[{"start":{"line":214,"column":8},"end":{"line":216,"column":9}},{"start":{},"end":{}}],"line":214}},"s":{"0":1,"1":1,"2":1,"3":1,"4":1,"5":1,"6":3,"7":3,"8":2,"9":2,"10":0,"11":0,"12":0,"13":2,"14":2,"15":2,"16":1,"17":1,"18":1,"19":1,"20":1,"21":0,"22":0,"23":0,"24":0,"25":1,"26":0,"27":1,"28":1,"29":0,"30":0,"31":0,"32":0,"33":0,"34":1,"35":0,"36":0,"37":0,"38":0,"39":0,"40":1,"41":0,"42":0,"43":0,"44":0,"45":0,"46":0,"47":0,"48":1,"49":3,"50":3,"51":3,"52":1,"53":2,"54":2,"55":2,"56":2,"57":5,"58":5,"59":5,"60":5,"61":5,"62":2,"63":0,"64":0,"65":1,"66":2,"67":2,"68":2,"69":2,"70":2,"71":2,"72":1,"73":1,"74":3,"75":3,"76":3,"77":1,"78":2,"79":2,"80":1,"81":1,"82":0,"83":0,"84":1,"85":4,"86":4,"87":4,"88":3,"89":1,"90":2,"91":1,"92":1,"93":1,"94":1,"95":1,"96":1,"97":1,"98":1,"99":0,"100":0,"101":0,"102":0,"103":0,"104":0,"105":0,"106":0,"107":1},"f":{"0":3,"1":3,"2":2,"3":0,"4":0,"5":0,"6":0,"7":3,"8":3,"9":2,"10":4,"11":0},"b":{"0":[2,1],"1":[0,2],"2":[1,1],"3":[1,0],"4":[0,0],"5":[0,1],"6":[0,0],"7":[0,0],"8":[0,0],"9":[1,2],"10":[1,1],"11":[1,2],"12":[1,1],"13":[1,2],"14":[1,1],"15":[0,0]},"_coverageSchema":"1a1c01bbd47fc00a2c39e90264f33305004495a9","hash":"ab5834d155445d3789079027d4bf6a73bfbe8f9b"}
,"/home/stefano/Desktop/Progetto/Backend/models/book.js": {"path":"/home/stefano/Desktop/Progetto/Backend/models/book.js","statementMap":{"0":{"start":{"line":1,"column":17},"end":{"line":1,"column":37}},"1":{"start":{"line":4,"column":15},"end":{"line":13,"column":2}},"2":{"start":{"line":15,"column":14},"end":{"line":15,"column":45}},"3":{"start":{"line":16,"column":0},"end":{"line":16,"column":23}}},"fnMap":{},"branchMap":{},"s":{"0":1,"1":1,"2":1,"3":1},"f":{},"b":{},"_coverageSchema":"1a1c01bbd47fc00a2c39e90264f33305004495a9","hash":"247e4803fde3fabbc777c507a75b16989c26d142"}
,"/home/stefano/Desktop/Progetto/Backend/models/counter.js": {"path":"/home/stefano/Desktop/Progetto/Backend/models/counter.js","statementMap":{"0":{"start":{"line":1,"column":17},"end":{"line":1,"column":37}},"1":{"start":{"line":3,"column":15},"end":{"line":6,"column":2}},"2":{"start":{"line":8,"column":16},"end":{"line":8,"column":49}},"3":{"start":{"line":9,"column":0},"end":{"line":9,"column":25}}},"fnMap":{},"branchMap":{},"s":{"0":1,"1":1,"2":1,"3":1},"f":{},"b":{},"_coverageSchema":"1a1c01bbd47fc00a2c39e90264f33305004495a9","hash":"d9839a9d9f7ef54da3ec38a2d84ea8784b33b8ae"}
,"/home/stefano/Desktop/Progetto/Backend/models/prenotazione.js": {"path":"/home/stefano/Desktop/Progetto/Backend/models/prenotazione.js","statementMap":{"0":{"start":{"line":1,"column":17},"end":{"line":1,"column":37}},"1":{"start":{"line":3,"column":15},"end":{"line":7,"column":2}},"2":{"start":{"line":9,"column":21},"end":{"line":9,"column":59}},"3":{"start":{"line":10,"column":0},"end":{"line":10,"column":30}}},"fnMap":{},"branchMap":{},"s":{"0":1,"1":1,"2":1,"3":1},"f":{},"b":{},"_coverageSchema":"1a1c01bbd47fc00a2c39e90264f33305004495a9","hash":"f2d7fdc2fb7dc4aec4ab6053417f28e68298dd4b"}
,"/home/stefano/Desktop/Progetto/Backend/models/utente.js": {"path":"/home/stefano/Desktop/Progetto/Backend/models/utente.js","statementMap":{"0":{"start":{"line":1,"column":17},"end":{"line":1,"column":37}},"1":{"start":{"line":3,"column":15},"end":{"line":16,"column":2}},"2":{"start":{"line":18,"column":15},"end":{"line":18,"column":47}},"3":{"start":{"line":19,"column":0},"end":{"line":19,"column":24}}},"fnMap":{},"branchMap":{},"s":{"0":1,"1":1,"2":1,"3":1},"f":{},"b":{},"_coverageSchema":"1a1c01bbd47fc00a2c39e90264f33305004495a9","hash":"564947df86f81b37eb2e2e39071cd5c3ae2ce805"}
,"/home/stefano/Desktop/Progetto/Backend/routes/Filter.js": {"path":"/home/stefano/Desktop/Progetto/Backend/routes/Filter.js","statementMap":{"0":{"start":{"line":1,"column":16},"end":{"line":1,"column":34}},"1":{"start":{"line":3,"column":15},"end":{"line":3,"column":32}},"2":{"start":{"line":4,"column":15},"end":{"line":4,"column":23}},"3":{"start":{"line":6,"column":21},"end":{"line":6,"column":37}},"4":{"start":{"line":7,"column":24},"end":{"line":7,"column":54}},"5":{"start":{"line":9,"column":0},"end":{"line":9,"column":47}},"6":{"start":{"line":12,"column":0},"end":{"line":12,"column":30}}},"fnMap":{},"branchMap":{},"s":{"0":1,"1":1,"2":1,"3":1,"4":1,"5":1,"6":1},"f":{},"b":{},"_coverageSchema":"1a1c01bbd47fc00a2c39e90264f33305004495a9","hash":"d462b8cc789f1ae8aff0b5d2b7ca741b86d44b6e"}
,"/home/stefano/Desktop/Progetto/Backend/routes/deleteLibro.js": {"path":"/home/stefano/Desktop/Progetto/Backend/routes/deleteLibro.js","statementMap":{"0":{"start":{"line":1,"column":16},"end":{"line":1,"column":34}},"1":{"start":{"line":3,"column":15},"end":{"line":3,"column":32}},"2":{"start":{"line":4,"column":15},"end":{"line":4,"column":23}},"3":{"start":{"line":6,"column":21},"end":{"line":6,"column":37}},"4":{"start":{"line":7,"column":24},"end":{"line":7,"column":54}},"5":{"start":{"line":9,"column":0},"end":{"line":9,"column":57}},"6":{"start":{"line":12,"column":0},"end":{"line":12,"column":29}}},"fnMap":{},"branchMap":{},"s":{"0":1,"1":1,"2":1,"3":1,"4":1,"5":1,"6":1},"f":{},"b":{},"_coverageSchema":"1a1c01bbd47fc00a2c39e90264f33305004495a9","hash":"e5bb39d7b3859a355029a89906dc94b59402590d"}
,"/home/stefano/Desktop/Progetto/Backend/routes/deleteUtente.js": {"path":"/home/stefano/Desktop/Progetto/Backend/routes/deleteUtente.js","statementMap":{"0":{"start":{"line":1,"column":16},"end":{"line":1,"column":34}},"1":{"start":{"line":3,"column":15},"end":{"line":3,"column":32}},"2":{"start":{"line":4,"column":15},"end":{"line":4,"column":23}},"3":{"start":{"line":6,"column":21},"end":{"line":6,"column":37}},"4":{"start":{"line":7,"column":24},"end":{"line":7,"column":55}},"5":{"start":{"line":9,"column":0},"end":{"line":9,"column":55}},"6":{"start":{"line":12,"column":0},"end":{"line":12,"column":29}}},"fnMap":{},"branchMap":{},"s":{"0":1,"1":1,"2":1,"3":1,"4":1,"5":1,"6":1},"f":{},"b":{},"_coverageSchema":"1a1c01bbd47fc00a2c39e90264f33305004495a9","hash":"852065acc818b36681c1b946ca64f0ef68404bcf"}
,"/home/stefano/Desktop/Progetto/Backend/routes/getAllusers.js": {"path":"/home/stefano/Desktop/Progetto/Backend/routes/getAllusers.js","statementMap":{"0":{"start":{"line":1,"column":16},"end":{"line":1,"column":34}},"1":{"start":{"line":3,"column":15},"end":{"line":3,"column":32}},"2":{"start":{"line":4,"column":15},"end":{"line":4,"column":23}},"3":{"start":{"line":6,"column":19},"end":{"line":6,"column":35}},"4":{"start":{"line":7,"column":22},"end":{"line":7,"column":53}},"5":{"start":{"line":9,"column":0},"end":{"line":9,"column":47}},"6":{"start":{"line":11,"column":0},"end":{"line":11,"column":27}}},"fnMap":{},"branchMap":{},"s":{"0":1,"1":1,"2":1,"3":1,"4":1,"5":1,"6":1},"f":{},"b":{},"_coverageSchema":"1a1c01bbd47fc00a2c39e90264f33305004495a9","hash":"91c83f08e0d6c68317ca2fdfff89163d0754bb89"}
,"/home/stefano/Desktop/Progetto/Backend/routes/getBooks.js": {"path":"/home/stefano/Desktop/Progetto/Backend/routes/getBooks.js","statementMap":{"0":{"start":{"line":1,"column":16},"end":{"line":1,"column":34}},"1":{"start":{"line":3,"column":15},"end":{"line":3,"column":32}},"2":{"start":{"line":4,"column":15},"end":{"line":4,"column":23}},"3":{"start":{"line":6,"column":21},"end":{"line":6,"column":37}},"4":{"start":{"line":7,"column":24},"end":{"line":7,"column":56}},"5":{"start":{"line":9,"column":0},"end":{"line":9,"column":49}},"6":{"start":{"line":12,"column":0},"end":{"line":12,"column":30}}},"fnMap":{},"branchMap":{},"s":{"0":1,"1":1,"2":1,"3":1,"4":1,"5":1,"6":1},"f":{},"b":{},"_coverageSchema":"1a1c01bbd47fc00a2c39e90264f33305004495a9","hash":"629249a16f52b81a0b3a1d1a527dce7c39b1a01e"}
,"/home/stefano/Desktop/Progetto/Backend/routes/getLibro.js": {"path":"/home/stefano/Desktop/Progetto/Backend/routes/getLibro.js","statementMap":{"0":{"start":{"line":1,"column":16},"end":{"line":1,"column":34}},"1":{"start":{"line":3,"column":15},"end":{"line":3,"column":32}},"2":{"start":{"line":4,"column":15},"end":{"line":4,"column":23}},"3":{"start":{"line":6,"column":21},"end":{"line":6,"column":37}},"4":{"start":{"line":7,"column":24},"end":{"line":7,"column":54}},"5":{"start":{"line":9,"column":0},"end":{"line":9,"column":54}},"6":{"start":{"line":12,"column":0},"end":{"line":12,"column":30}}},"fnMap":{},"branchMap":{},"s":{"0":1,"1":1,"2":1,"3":1,"4":1,"5":1,"6":1},"f":{},"b":{},"_coverageSchema":"1a1c01bbd47fc00a2c39e90264f33305004495a9","hash":"513d5f66cca1c13f21a1100a2e1866d9277655d3"}
,"/home/stefano/Desktop/Progetto/Backend/routes/login.js": {"path":"/home/stefano/Desktop/Progetto/Backend/routes/login.js","statementMap":{"0":{"start":{"line":1,"column":16},"end":{"line":1,"column":34}},"1":{"start":{"line":3,"column":15},"end":{"line":3,"column":32}},"2":{"start":{"line":4,"column":15},"end":{"line":4,"column":23}},"3":{"start":{"line":6,"column":20},"end":{"line":6,"column":36}},"4":{"start":{"line":7,"column":24},"end":{"line":7,"column":64}},"5":{"start":{"line":9,"column":0},"end":{"line":9,"column":60}},"6":{"start":{"line":12,"column":0},"end":{"line":12,"column":29}}},"fnMap":{},"branchMap":{},"s":{"0":1,"1":1,"2":1,"3":1,"4":1,"5":1,"6":1},"f":{},"b":{},"_coverageSchema":"1a1c01bbd47fc00a2c39e90264f33305004495a9","hash":"e571497682c19330dab4806e19c0cead7642e3b8"}
,"/home/stefano/Desktop/Progetto/Backend/routes/logout.js": {"path":"/home/stefano/Desktop/Progetto/Backend/routes/logout.js","statementMap":{"0":{"start":{"line":1,"column":16},"end":{"line":1,"column":34}},"1":{"start":{"line":3,"column":15},"end":{"line":3,"column":32}},"2":{"start":{"line":4,"column":15},"end":{"line":4,"column":23}},"3":{"start":{"line":6,"column":21},"end":{"line":6,"column":37}},"4":{"start":{"line":7,"column":24},"end":{"line":7,"column":64}},"5":{"start":{"line":9,"column":0},"end":{"line":9,"column":47}},"6":{"start":{"line":12,"column":0},"end":{"line":12,"column":30}}},"fnMap":{},"branchMap":{},"s":{"0":1,"1":1,"2":1,"3":1,"4":1,"5":1,"6":1},"f":{},"b":{},"_coverageSchema":"1a1c01bbd47fc00a2c39e90264f33305004495a9","hash":"3baaa86cd7334c5ba61fe5a9c3cf485b7aa7b581"}
,"/home/stefano/Desktop/Progetto/Backend/routes/newLibro.js": {"path":"/home/stefano/Desktop/Progetto/Backend/routes/newLibro.js","statementMap":{"0":{"start":{"line":1,"column":16},"end":{"line":1,"column":34}},"1":{"start":{"line":3,"column":15},"end":{"line":3,"column":32}},"2":{"start":{"line":4,"column":15},"end":{"line":4,"column":23}},"3":{"start":{"line":6,"column":23},"end":{"line":6,"column":39}},"4":{"start":{"line":7,"column":24},"end":{"line":7,"column":55}},"5":{"start":{"line":9,"column":0},"end":{"line":9,"column":67}},"6":{"start":{"line":12,"column":0},"end":{"line":12,"column":32}},"7":{"start":{"line":12,"column":33},"end":{"line":12,"column":40}}},"fnMap":{},"branchMap":{},"s":{"0":1,"1":1,"2":1,"3":1,"4":1,"5":1,"6":1,"7":1},"f":{},"b":{},"_coverageSchema":"1a1c01bbd47fc00a2c39e90264f33305004495a9","hash":"6b2a593d57f5ae82b6b4c64d9584f994e66813a2"}
,"/home/stefano/Desktop/Progetto/Backend/routes/patchDisponibilita.js": {"path":"/home/stefano/Desktop/Progetto/Backend/routes/patchDisponibilita.js","statementMap":{"0":{"start":{"line":1,"column":16},"end":{"line":1,"column":34}},"1":{"start":{"line":3,"column":15},"end":{"line":3,"column":32}},"2":{"start":{"line":4,"column":15},"end":{"line":4,"column":23}},"3":{"start":{"line":6,"column":19},"end":{"line":6,"column":35}},"4":{"start":{"line":7,"column":22},"end":{"line":7,"column":61}},"5":{"start":{"line":10,"column":0},"end":{"line":10,"column":72}},"6":{"start":{"line":12,"column":0},"end":{"line":12,"column":27}}},"fnMap":{},"branchMap":{},"s":{"0":1,"1":1,"2":1,"3":1,"4":1,"5":1,"6":1},"f":{},"b":{},"_coverageSchema":"1a1c01bbd47fc00a2c39e90264f33305004495a9","hash":"2aa9b7cd32963b7dbd273c561ac285e75bd3e2b5"}
,"/home/stefano/Desktop/Progetto/Backend/routes/patchMulta.js": {"path":"/home/stefano/Desktop/Progetto/Backend/routes/patchMulta.js","statementMap":{"0":{"start":{"line":1,"column":16},"end":{"line":1,"column":34}},"1":{"start":{"line":3,"column":15},"end":{"line":3,"column":32}},"2":{"start":{"line":4,"column":15},"end":{"line":4,"column":23}},"3":{"start":{"line":6,"column":19},"end":{"line":6,"column":35}},"4":{"start":{"line":7,"column":22},"end":{"line":7,"column":54}},"5":{"start":{"line":10,"column":0},"end":{"line":10,"column":58}},"6":{"start":{"line":12,"column":0},"end":{"line":12,"column":27}}},"fnMap":{},"branchMap":{},"s":{"0":1,"1":1,"2":1,"3":1,"4":1,"5":1,"6":1},"f":{},"b":{},"_coverageSchema":"1a1c01bbd47fc00a2c39e90264f33305004495a9","hash":"ec47e2e90b312e5b931c71ab1298c0b69e9121eb"}
,"/home/stefano/Desktop/Progetto/Backend/routes/patchRent.js": {"path":"/home/stefano/Desktop/Progetto/Backend/routes/patchRent.js","statementMap":{"0":{"start":{"line":1,"column":16},"end":{"line":1,"column":34}},"1":{"start":{"line":3,"column":15},"end":{"line":3,"column":32}},"2":{"start":{"line":4,"column":15},"end":{"line":4,"column":23}},"3":{"start":{"line":6,"column":19},"end":{"line":6,"column":35}},"4":{"start":{"line":7,"column":22},"end":{"line":7,"column":54}},"5":{"start":{"line":10,"column":0},"end":{"line":10,"column":64}},"6":{"start":{"line":12,"column":0},"end":{"line":12,"column":27}}},"fnMap":{},"branchMap":{},"s":{"0":1,"1":1,"2":1,"3":1,"4":1,"5":1,"6":1},"f":{},"b":{},"_coverageSchema":"1a1c01bbd47fc00a2c39e90264f33305004495a9","hash":"bdcda42d8fe490ddf578250507289c7d75fdad97"}
,"/home/stefano/Desktop/Progetto/Backend/routes/patchReserve.js": {"path":"/home/stefano/Desktop/Progetto/Backend/routes/patchReserve.js","statementMap":{"0":{"start":{"line":1,"column":16},"end":{"line":1,"column":34}},"1":{"start":{"line":3,"column":15},"end":{"line":3,"column":32}},"2":{"start":{"line":4,"column":15},"end":{"line":4,"column":23}},"3":{"start":{"line":6,"column":19},"end":{"line":6,"column":35}},"4":{"start":{"line":7,"column":22},"end":{"line":7,"column":54}},"5":{"start":{"line":10,"column":0},"end":{"line":10,"column":60}},"6":{"start":{"line":12,"column":0},"end":{"line":12,"column":27}}},"fnMap":{},"branchMap":{},"s":{"0":1,"1":1,"2":1,"3":1,"4":1,"5":1,"6":1},"f":{},"b":{},"_coverageSchema":"1a1c01bbd47fc00a2c39e90264f33305004495a9","hash":"bca08b2ca424d37a32fa3674920b3d53d696c59c"}
,"/home/stefano/Desktop/Progetto/Backend/routes/signUp.js": {"path":"/home/stefano/Desktop/Progetto/Backend/routes/signUp.js","statementMap":{"0":{"start":{"line":1,"column":16},"end":{"line":1,"column":34}},"1":{"start":{"line":3,"column":15},"end":{"line":3,"column":32}},"2":{"start":{"line":4,"column":15},"end":{"line":4,"column":23}},"3":{"start":{"line":6,"column":21},"end":{"line":6,"column":37}},"4":{"start":{"line":7,"column":25},"end":{"line":7,"column":57}},"5":{"start":{"line":9,"column":0},"end":{"line":9,"column":63}},"6":{"start":{"line":12,"column":0},"end":{"line":12,"column":30}}},"fnMap":{},"branchMap":{},"s":{"0":1,"1":1,"2":1,"3":1,"4":1,"5":1,"6":1},"f":{},"b":{},"_coverageSchema":"1a1c01bbd47fc00a2c39e90264f33305004495a9","hash":"b38156a60f297b82d13cea8241ebc93dbe7c1bbe"}
}
