TN:
SF:server.js
FN:7,(anonymous_0)
FNF:1
FNH:0
FNDA:0,(anonymous_0)
DA:1,4
DA:2,4
DA:3,4
DA:6,4
DA:7,4
DA:8,0
DA:11,4
DA:12,4
DA:15,4
DA:17,4
DA:18,4
DA:20,4
DA:21,4
DA:22,4
DA:23,4
DA:25,4
DA:28,4
DA:29,4
DA:30,4
DA:31,4
DA:34,4
DA:38,4
DA:39,4
DA:40,4
DA:41,4
DA:42,4
DA:44,4
LF:27
LH:26
BRF:0
BRH:0
end_of_record
TN:
SF:auxiliares/check.js
FN:1,(anonymous_0)
FN:17,(anonymous_1)
FNF:2
FNH:2
FNDA:2,(anonymous_0)
FNDA:3,(anonymous_1)
DA:1,4
DA:2,2
DA:3,2
DA:4,0
DA:7,2
DA:11,1
DA:13,1
DA:17,4
DA:18,3
DA:24,4
LF:10
LH:9
BRDA:3,0,0,0
BRDA:3,0,1,2
BRDA:7,1,0,1
BRDA:7,1,1,1
BRDA:7,2,0,2
BRDA:7,2,1,1
BRDA:7,2,2,1
BRDA:7,2,3,1
BRDA:7,2,4,1
BRDA:7,2,5,1
BRDA:7,2,6,1
BRF:11
BRH:10
end_of_record
TN:
SF:controllers/admin.js
FN:8,(anonymous_0)
FN:9,(anonymous_1)
FN:15,(anonymous_2)
FN:29,(anonymous_3)
FN:67,(anonymous_4)
FN:89,(anonymous_5)
FNF:6
FNH:5
FNDA:1,(anonymous_0)
FNDA:1,(anonymous_1)
FNDA:26,(anonymous_2)
FNDA:3,(anonymous_3)
FNDA:0,(anonymous_4)
FNDA:2,(anonymous_5)
DA:1,4
DA:2,4
DA:3,4
DA:4,4
DA:8,4
DA:9,1
DA:10,1
DA:11,1
DA:12,0
DA:15,26
DA:20,1
DA:22,0
DA:23,0
DA:29,4
DA:30,3
DA:31,3
DA:32,3
DA:33,1
DA:36,2
DA:43,2
DA:44,0
DA:45,0
DA:46,0
DA:48,2
DA:51,2
DA:59,2
DA:60,1
DA:62,1
DA:67,4
DA:68,0
DA:69,0
DA:70,0
DA:71,0
DA:74,0
DA:80,0
DA:81,0
DA:83,0
DA:89,4
DA:90,2
DA:92,2
DA:93,1
DA:95,1
DA:96,1
DA:101,4
LF:44
LH:30
BRDA:10,0,0,1
BRDA:10,0,1,0
BRDA:11,1,0,0
BRDA:11,1,1,1
BRDA:22,2,0,0
BRDA:22,2,1,0
BRDA:32,3,0,1
BRDA:32,3,1,2
BRDA:43,4,0,0
BRDA:43,4,1,2
BRDA:70,5,0,0
BRDA:70,5,1,0
BRDA:92,6,0,1
BRDA:92,6,1,1
BRF:14
BRH:7
end_of_record
TN:
SF:controllers/authentication.js
FN:6,(anonymous_0)
FN:24,(anonymous_1)
FNF:2
FNH:2
FNDA:3,(anonymous_0)
FNDA:1,(anonymous_1)
DA:1,4
DA:2,4
DA:6,4
DA:7,3
DA:9,3
DA:10,1
DA:13,2
DA:14,1
DA:17,1
DA:18,1
DA:19,1
DA:20,1
DA:24,4
DA:25,1
DA:26,1
DA:27,0
DA:28,0
DA:29,0
DA:31,0
DA:33,1
DA:38,4
LF:21
LH:17
BRDA:9,0,0,1
BRDA:9,0,1,2
BRDA:13,1,0,1
BRDA:13,1,1,1
BRDA:26,2,0,0
BRDA:26,2,1,1
BRF:6
BRH:5
end_of_record
TN:
SF:controllers/book.js
FN:5,(anonymous_0)
FN:17,(anonymous_1)
FN:52,(anonymous_2)
FNF:3
FNH:3
FNDA:2,(anonymous_0)
FNDA:7,(anonymous_1)
FNDA:4,(anonymous_2)
DA:1,4
DA:2,4
DA:5,4
DA:6,2
DA:8,2
DA:9,1
DA:11,1
DA:12,1
DA:17,4
DA:18,7
DA:20,7
DA:21,2
DA:24,5
DA:25,2
DA:27,3
DA:28,2
DA:30,1
DA:32,6
DA:33,6
DA:34,6
DA:35,9
DA:36,9
DA:45,6
DA:46,3
DA:48,3
DA:52,4
DA:53,4
DA:54,4
DA:56,4
DA:57,1
DA:59,3
DA:60,2
DA:63,1
DA:65,3
DA:66,3
DA:67,1
DA:69,2
DA:70,2
DA:71,4
DA:72,4
DA:81,4
DA:83,2
DA:86,0
DA:91,4
LF:44
LH:43
BRDA:8,0,0,1
BRDA:8,0,1,1
BRDA:20,1,0,2
BRDA:20,1,1,5
BRDA:24,2,0,2
BRDA:24,2,1,3
BRDA:27,3,0,2
BRDA:27,3,1,1
BRDA:45,4,0,3
BRDA:45,4,1,3
BRDA:56,5,0,1
BRDA:56,5,1,3
BRDA:59,6,0,2
BRDA:59,6,1,1
BRDA:66,7,0,1
BRDA:66,7,1,2
BRF:16
BRH:16
end_of_record
TN:
SF:controllers/disponibilita.js
FN:5,(anonymous_0)
FN:26,rimuoviElemento
FNF:2
FNH:1
FNDA:3,(anonymous_0)
FNDA:0,rimuoviElemento
DA:1,4
DA:2,4
DA:5,4
DA:6,3
DA:8,3
DA:9,3
DA:11,3
DA:12,1
DA:14,2
DA:15,2
DA:19,0
DA:28,0
DA:31,0
DA:32,0
DA:36,0
DA:39,0
DA:47,0
DA:49,0
DA:50,0
DA:54,4
LF:20
LH:11
BRDA:11,0,0,1
BRDA:11,0,1,2
BRDA:14,1,0,2
BRDA:14,1,1,0
BRDA:31,2,0,0
BRDA:31,2,1,0
BRF:6
BRH:3
end_of_record
TN:
SF:controllers/tokenChecker.js
FN:4,(anonymous_0)
FN:18,(anonymous_1)
FNF:2
FNH:0
FNDA:0,(anonymous_0)
FNDA:0,(anonymous_1)
DA:1,4
DA:4,4
DA:7,0
DA:10,0
DA:11,0
DA:18,0
DA:19,0
DA:20,0
DA:26,0
DA:27,0
DA:33,4
LF:11
LH:3
BRDA:7,0,0,0
BRDA:7,0,1,0
BRDA:7,0,2,0
BRDA:10,1,0,0
BRDA:10,1,1,0
BRDA:19,2,0,0
BRDA:19,2,1,0
BRF:7
BRH:0
end_of_record
TN:
SF:controllers/utente.js
FN:11,(anonymous_0)
FN:12,(anonymous_1)
FN:17,(anonymous_2)
FN:46,(anonymous_3)
FN:60,compareDates
FN:73,(anonymous_5)
FN:88,(anonymous_6)
FN:130,(anonymous_7)
FN:156,(anonymous_8)
FN:221,(anonymous_9)
FN:274,(anonymous_10)
FN:286,(anonymous_11)
FNF:12
FNH:6
FNDA:4,(anonymous_0)
FNDA:4,(anonymous_1)
FNDA:3,(anonymous_2)
FNDA:1,(anonymous_3)
FNDA:0,compareDates
FNDA:0,(anonymous_5)
FNDA:0,(anonymous_6)
FNDA:0,(anonymous_7)
FNDA:3,(anonymous_8)
FNDA:3,(anonymous_9)
FNDA:0,(anonymous_10)
FNDA:0,(anonymous_11)
DA:1,4
DA:2,4
DA:3,4
DA:4,4
DA:5,4
DA:6,4
DA:7,4
DA:8,4
DA:11,4
DA:12,4
DA:13,4
DA:14,3
DA:20,3
DA:21,0
DA:22,0
DA:23,0
DA:26,3
DA:28,3
DA:36,3
DA:37,1
DA:38,1
DA:40,2
DA:41,1
DA:42,1
DA:46,1
DA:47,1
DA:48,1
DA:54,1
DA:55,1
DA:61,0
DA:62,0
DA:63,0
DA:64,0
DA:65,0
DA:66,0
DA:67,0
DA:69,0
DA:73,4
DA:74,0
DA:75,0
DA:76,0
DA:78,0
DA:84,0
DA:85,0
DA:88,0
DA:89,0
DA:90,0
DA:92,0
DA:130,4
DA:131,0
DA:133,0
DA:134,0
DA:136,0
DA:137,0
DA:156,4
DA:157,3
DA:158,3
DA:160,3
DA:161,1
DA:164,2
DA:165,2
DA:168,2
DA:169,4
DA:170,4
DA:172,4
DA:181,4
DA:184,2
DA:186,0
DA:221,4
DA:222,3
DA:224,3
DA:225,3
DA:228,3
DA:229,3
DA:231,3
DA:232,3
DA:233,3
DA:235,3
DA:237,3
DA:238,1
DA:241,2
DA:242,1
DA:243,1
DA:244,0
DA:247,1
DA:251,1
DA:253,1
DA:259,1
DA:266,1
DA:269,0
DA:274,4
DA:275,0
DA:277,0
DA:278,0
DA:281,0
DA:286,4
DA:287,0
DA:288,0
DA:290,0
DA:291,0
DA:294,0
DA:311,4
LF:102
LH:64
BRDA:13,0,0,3
BRDA:13,0,1,1
BRDA:20,1,0,0
BRDA:20,1,1,3
BRDA:36,2,0,1
BRDA:36,2,1,2
BRDA:40,3,0,1
BRDA:40,3,1,1
BRDA:47,4,0,0
BRDA:47,4,1,1
BRDA:54,5,0,0
BRDA:54,5,1,1
BRDA:66,6,0,0
BRDA:66,6,1,0
BRDA:75,7,0,0
BRDA:75,7,1,0
BRDA:84,8,0,0
BRDA:84,8,1,0
BRDA:89,9,0,0
BRDA:89,9,1,0
BRDA:133,10,0,0
BRDA:133,10,1,0
BRDA:160,11,0,1
BRDA:160,11,1,2
BRDA:237,12,0,1
BRDA:237,12,1,2
BRDA:241,13,0,1
BRDA:241,13,1,1
BRDA:243,14,0,0
BRDA:243,14,1,1
BRDA:277,15,0,0
BRDA:277,15,1,0
BRDA:290,16,0,0
BRDA:290,16,1,0
BRDA:290,17,0,0
BRDA:290,17,1,0
BRDA:290,17,2,0
BRDA:290,17,3,0
BRF:38
BRH:16
end_of_record
TN:
SF:models/appuntamento.js
FNF:0
FNH:0
DA:2,4
DA:4,4
DA:10,4
DA:11,4
LF:4
LH:4
BRF:0
BRH:0
end_of_record
TN:
SF:models/book.js
FNF:0
FNH:0
DA:1,4
DA:4,4
DA:14,4
DA:15,4
LF:4
LH:4
BRF:0
BRH:0
end_of_record
TN:
SF:models/counter.js
FNF:0
FNH:0
DA:1,4
DA:3,4
DA:8,4
DA:9,4
LF:4
LH:4
BRF:0
BRH:0
end_of_record
TN:
SF:models/multa.js
FNF:0
FNH:0
DA:2,4
DA:4,4
DA:10,4
DA:11,4
LF:4
LH:4
BRF:0
BRH:0
end_of_record
TN:
SF:models/prenotazione.js
FNF:0
FNH:0
DA:2,4
DA:4,4
DA:11,4
DA:12,4
LF:4
LH:4
BRF:0
BRH:0
end_of_record
TN:
SF:models/utente.js
FNF:0
FNH:0
DA:1,4
DA:3,4
DA:15,4
DA:16,4
LF:4
LH:4
BRF:0
BRH:0
end_of_record
TN:
SF:routes/Filter.js
FNF:0
FNH:0
DA:1,4
DA:3,4
DA:4,4
DA:6,4
DA:7,4
DA:9,4
DA:12,4
LF:7
LH:7
BRF:0
BRH:0
end_of_record
TN:
SF:routes/deleteApp.js
FNF:0
FNH:0
DA:1,4
DA:3,4
DA:4,4
DA:6,4
DA:7,4
DA:10,4
DA:12,4
LF:7
LH:7
BRF:0
BRH:0
end_of_record
TN:
SF:routes/deleteLibro.js
FNF:0
FNH:0
DA:1,4
DA:3,4
DA:4,4
DA:6,4
DA:7,4
DA:9,4
DA:12,4
LF:7
LH:7
BRF:0
BRH:0
end_of_record
TN:
SF:routes/deleteUtente.js
FNF:0
FNH:0
DA:1,4
DA:3,4
DA:4,4
DA:6,4
DA:7,4
DA:9,4
DA:12,4
LF:7
LH:7
BRF:0
BRH:0
end_of_record
TN:
SF:routes/getAllusers.js
FNF:0
FNH:0
DA:1,4
DA:3,4
DA:4,4
DA:6,4
DA:7,4
DA:9,4
DA:11,4
LF:7
LH:7
BRF:0
BRH:0
end_of_record
TN:
SF:routes/getApp.js
FNF:0
FNH:0
DA:1,4
DA:3,4
DA:4,4
DA:6,4
DA:7,4
DA:9,4
DA:12,4
LF:7
LH:7
BRF:0
BRH:0
end_of_record
TN:
SF:routes/getBooks.js
FNF:0
FNH:0
DA:1,4
DA:3,4
DA:4,4
DA:6,4
DA:7,4
DA:9,4
DA:12,4
LF:7
LH:7
BRF:0
BRH:0
end_of_record
TN:
SF:routes/getLibro.js
FNF:0
FNH:0
DA:1,4
DA:3,4
DA:4,4
DA:6,4
DA:7,4
DA:9,4
DA:12,4
LF:7
LH:7
BRF:0
BRH:0
end_of_record
TN:
SF:routes/getMulta.js
FNF:0
FNH:0
DA:1,4
DA:3,4
DA:4,4
DA:6,4
DA:7,4
DA:9,4
DA:12,4
LF:7
LH:7
BRF:0
BRH:0
end_of_record
TN:
SF:routes/login.js
FNF:0
FNH:0
DA:1,4
DA:3,4
DA:4,4
DA:6,4
DA:7,4
DA:9,4
DA:12,4
LF:7
LH:7
BRF:0
BRH:0
end_of_record
TN:
SF:routes/logout.js
FNF:0
FNH:0
DA:1,4
DA:3,4
DA:4,4
DA:6,4
DA:7,4
DA:9,4
DA:12,4
LF:7
LH:7
BRF:0
BRH:0
end_of_record
TN:
SF:routes/newLibro.js
FNF:0
FNH:0
DA:1,4
DA:3,4
DA:4,4
DA:6,4
DA:7,4
DA:9,4
DA:12,4
LF:7
LH:7
BRF:0
BRH:0
end_of_record
TN:
SF:routes/patchDisponibilita.js
FNF:0
FNH:0
DA:1,4
DA:3,4
DA:4,4
DA:6,4
DA:7,4
DA:10,4
DA:12,4
LF:7
LH:7
BRF:0
BRH:0
end_of_record
TN:
SF:routes/patchRent.js
FNF:0
FNH:0
DA:1,4
DA:3,4
DA:4,4
DA:6,4
DA:7,4
DA:10,4
DA:12,4
LF:7
LH:7
BRF:0
BRH:0
end_of_record
TN:
SF:routes/postApp.js
FNF:0
FNH:0
DA:1,4
DA:3,4
DA:4,4
DA:6,4
DA:7,4
DA:9,4
DA:12,4
LF:7
LH:7
BRF:0
BRH:0
end_of_record
TN:
SF:routes/postMulta.js
FNF:0
FNH:0
DA:1,4
DA:3,4
DA:4,4
DA:6,4
DA:7,4
DA:10,4
DA:12,4
LF:7
LH:7
BRF:0
BRH:0
end_of_record
TN:
SF:routes/signUp.js
FNF:0
FNH:0
DA:1,4
DA:3,4
DA:4,4
DA:6,4
DA:7,4
DA:9,4
DA:12,4
LF:7
LH:7
BRF:0
BRH:0
end_of_record
