TN:
SF:server.js
FN:7,(anonymous_0)
FNF:1
FNH:0
FNDA:0,(anonymous_0)
DA:1,1
DA:2,1
DA:3,1
DA:6,1
DA:7,1
DA:8,0
DA:11,1
DA:12,1
DA:15,1
DA:16,1
DA:17,1
DA:18,1
DA:19,1
DA:20,1
DA:21,1
DA:22,1
DA:23,1
DA:26,1
DA:27,1
DA:28,1
DA:29,1
DA:32,1
DA:36,1
DA:37,1
DA:38,1
DA:39,1
DA:41,1
LF:27
LH:26
BRF:0
BRH:0
end_of_record
TN:
SF:auxiliares/check.js
FN:1,(anonymous_0)
FN:17,(anonymous_1)
FNF:2
FNH:2
FNDA:1,(anonymous_0)
FNDA:2,(anonymous_1)
DA:1,1
DA:2,1
DA:3,1
DA:4,0
DA:7,1
DA:11,0
DA:13,1
DA:17,1
DA:18,2
DA:24,1
LF:10
LH:8
BRDA:3,0,0,0
BRDA:3,0,1,1
BRDA:7,1,0,0
BRDA:7,1,1,1
BRDA:7,2,0,1
BRDA:7,2,1,1
BRDA:7,2,2,1
BRDA:7,2,3,1
BRDA:7,2,4,1
BRDA:7,2,5,1
BRDA:7,2,6,1
BRF:11
BRH:9
end_of_record
TN:
SF:controllers/admin.js
FN:5,(anonymous_0)
FN:6,(anonymous_1)
FN:12,(anonymous_2)
FN:25,(anonymous_3)
FN:26,(anonymous_4)
FN:31,(anonymous_5)
FN:49,(anonymous_6)
FN:63,(anonymous_7)
FN:74,(anonymous_8)
FNF:9
FNH:0
FNDA:0,(anonymous_0)
FNDA:0,(anonymous_1)
FNDA:0,(anonymous_2)
FNDA:0,(anonymous_3)
FNDA:0,(anonymous_4)
FNDA:0,(anonymous_5)
FNDA:0,(anonymous_6)
FNDA:0,(anonymous_7)
FNDA:0,(anonymous_8)
DA:1,1
DA:2,1
DA:3,1
DA:5,1
DA:6,0
DA:7,0
DA:8,0
DA:9,0
DA:12,0
DA:17,0
DA:19,0
DA:20,0
DA:25,1
DA:26,0
DA:27,0
DA:28,0
DA:34,0
DA:35,0
DA:36,0
DA:37,0
DA:40,0
DA:42,0
DA:49,0
DA:50,0
DA:51,0
DA:57,0
DA:58,0
DA:63,1
DA:64,0
DA:66,0
DA:67,0
DA:69,0
DA:70,0
DA:74,1
DA:75,0
DA:77,0
DA:79,0
DA:80,0
DA:84,0
DA:90,0
DA:92,0
DA:93,0
DA:99,1
LF:43
LH:8
BRDA:7,0,0,0
BRDA:7,0,1,0
BRDA:8,1,0,0
BRDA:8,1,1,0
BRDA:19,2,0,0
BRDA:19,2,1,0
BRDA:27,3,0,0
BRDA:27,3,1,0
BRDA:34,4,0,0
BRDA:34,4,1,0
BRDA:50,5,0,0
BRDA:50,5,1,0
BRDA:57,6,0,0
BRDA:57,6,1,0
BRDA:66,7,0,0
BRDA:66,7,1,0
BRDA:79,8,0,0
BRDA:79,8,1,0
BRF:18
BRH:0
end_of_record
TN:
SF:controllers/authentication.js
FN:6,(anonymous_0)
FN:23,(anonymous_1)
FNF:2
FNH:0
FNDA:0,(anonymous_0)
FNDA:0,(anonymous_1)
DA:1,1
DA:2,1
DA:6,1
DA:7,0
DA:9,0
DA:10,0
DA:13,0
DA:14,0
DA:17,0
DA:18,0
DA:19,0
DA:20,0
DA:23,1
DA:24,0
DA:25,0
DA:26,0
DA:27,0
DA:28,0
DA:30,0
DA:32,0
DA:37,1
LF:21
LH:5
BRDA:9,0,0,0
BRDA:9,0,1,0
BRDA:13,1,0,0
BRDA:13,1,1,0
BRDA:25,2,0,0
BRDA:25,2,1,0
BRF:6
BRH:0
end_of_record
TN:
SF:controllers/book.js
FN:4,(anonymous_0)
FN:15,(anonymous_1)
FN:50,(anonymous_2)
FN:69,(anonymous_3)
FN:85,(anonymous_4)
FNF:5
FNH:1
FNDA:0,(anonymous_0)
FNDA:6,(anonymous_1)
FNDA:0,(anonymous_2)
FNDA:0,(anonymous_3)
FNDA:0,(anonymous_4)
DA:1,1
DA:2,1
DA:4,1
DA:5,0
DA:7,0
DA:8,0
DA:10,0
DA:11,0
DA:15,1
DA:16,6
DA:18,6
DA:19,2
DA:22,6
DA:23,3
DA:25,6
DA:26,1
DA:28,6
DA:30,6
DA:31,0
DA:33,6
DA:35,6
DA:36,9
DA:37,9
DA:44,6
DA:45,3
DA:47,3
DA:50,1
DA:52,0
DA:53,0
DA:54,0
DA:55,0
DA:58,0
DA:59,0
DA:61,0
DA:62,0
DA:64,0
DA:65,0
DA:66,0
DA:69,0
DA:77,0
DA:80,0
DA:81,0
DA:85,1
DA:86,0
DA:88,0
DA:90,0
DA:91,0
DA:95,0
DA:101,0
DA:103,0
DA:104,0
DA:109,1
LF:52
LH:23
BRDA:7,0,0,0
BRDA:7,0,1,0
BRDA:18,1,0,2
BRDA:18,1,1,4
BRDA:22,2,0,3
BRDA:22,2,1,3
BRDA:25,3,0,1
BRDA:25,3,1,5
BRDA:30,4,0,0
BRDA:30,4,1,6
BRDA:44,5,0,3
BRDA:44,5,1,3
BRDA:54,6,0,0
BRDA:54,6,1,0
BRDA:58,7,0,0
BRDA:58,7,1,0
BRDA:61,8,0,0
BRDA:61,8,1,0
BRDA:65,9,0,0
BRDA:65,9,1,0
BRDA:90,10,0,0
BRDA:90,10,1,0
BRF:22
BRH:9
end_of_record
TN:
SF:controllers/disponibilita.js
FN:3,(anonymous_0)
FNF:1
FNH:0
FNDA:0,(anonymous_0)
DA:1,1
DA:3,1
DA:4,0
DA:6,0
DA:8,0
DA:9,0
DA:13,0
DA:19,0
DA:21,0
DA:22,0
DA:26,1
LF:11
LH:3
BRDA:8,0,0,0
BRDA:8,0,1,0
BRF:2
BRH:0
end_of_record
TN:
SF:controllers/tokenChecker.js
FN:4,(anonymous_0)
FN:18,(anonymous_1)
FNF:2
FNH:0
FNDA:0,(anonymous_0)
FNDA:0,(anonymous_1)
DA:1,1
DA:4,1
DA:7,0
DA:10,0
DA:11,0
DA:18,0
DA:19,0
DA:20,0
DA:26,0
DA:27,0
DA:33,1
LF:11
LH:3
BRDA:7,0,0,0
BRDA:7,0,1,0
BRDA:7,0,2,0
BRDA:10,1,0,0
BRDA:10,1,1,0
BRDA:19,2,0,0
BRDA:19,2,1,0
BRF:7
BRH:0
end_of_record
TN:
SF:controllers/utente.js
FN:9,(anonymous_0)
FN:10,(anonymous_1)
FN:15,(anonymous_2)
FN:44,(anonymous_3)
FN:58,(anonymous_4)
FN:69,(anonymous_5)
FN:80,(anonymous_6)
FN:100,(anonymous_7)
FN:133,(anonymous_8)
FN:137,compareDates
FN:175,(anonymous_10)
FN:209,(anonymous_11)
FNF:12
FNH:7
FNDA:3,(anonymous_0)
FNDA:3,(anonymous_1)
FNDA:2,(anonymous_2)
FNDA:0,(anonymous_3)
FNDA:0,(anonymous_4)
FNDA:0,(anonymous_5)
FNDA:0,(anonymous_6)
FNDA:3,(anonymous_7)
FNDA:3,(anonymous_8)
FNDA:2,compareDates
FNDA:4,(anonymous_10)
FNDA:0,(anonymous_11)
DA:2,1
DA:3,1
DA:4,1
DA:5,1
DA:6,1
DA:9,1
DA:10,3
DA:11,3
DA:12,2
DA:18,2
DA:19,0
DA:20,0
DA:21,0
DA:24,2
DA:26,2
DA:34,2
DA:35,1
DA:36,1
DA:38,1
DA:39,1
DA:40,1
DA:44,0
DA:45,0
DA:46,0
DA:52,1
DA:53,1
DA:58,1
DA:59,0
DA:61,0
DA:62,0
DA:64,0
DA:65,0
DA:69,1
DA:70,0
DA:72,0
DA:73,0
DA:75,0
DA:76,0
DA:80,1
DA:81,0
DA:83,0
DA:85,0
DA:91,0
DA:92,0
DA:94,0
DA:96,0
DA:100,1
DA:101,3
DA:102,3
DA:104,3
DA:105,1
DA:108,2
DA:109,2
DA:112,2
DA:113,5
DA:114,5
DA:116,5
DA:122,5
DA:123,5
DA:126,2
DA:128,0
DA:129,0
DA:133,1
DA:138,2
DA:139,2
DA:140,2
DA:141,2
DA:142,2
DA:143,2
DA:144,1
DA:146,1
DA:149,3
DA:151,3
DA:153,3
DA:154,1
DA:158,2
DA:164,2
DA:165,1
DA:168,1
DA:170,0
DA:171,0
DA:175,1
DA:176,4
DA:178,4
DA:179,4
DA:182,3
DA:183,1
DA:186,2
DA:187,1
DA:189,1
DA:192,1
DA:194,1
DA:201,1
DA:204,1
DA:205,1
DA:209,1
DA:210,0
DA:212,0
DA:214,0
DA:215,0
DA:219,0
DA:225,0
DA:227,0
DA:228,0
DA:235,1
LF:105
LH:70
BRDA:11,0,0,2
BRDA:11,0,1,1
BRDA:18,1,0,0
BRDA:18,1,1,2
BRDA:34,2,0,1
BRDA:34,2,1,1
BRDA:38,3,0,1
BRDA:38,3,1,0
BRDA:45,4,0,0
BRDA:45,4,1,0
BRDA:52,5,0,0
BRDA:52,5,1,1
BRDA:61,6,0,0
BRDA:61,6,1,0
BRDA:72,7,0,0
BRDA:72,7,1,0
BRDA:91,8,0,0
BRDA:91,8,1,0
BRDA:104,9,0,1
BRDA:104,9,1,2
BRDA:143,10,0,1
BRDA:143,10,1,1
BRDA:153,11,0,1
BRDA:153,11,1,2
BRDA:164,12,0,1
BRDA:164,12,1,1
BRDA:182,13,0,1
BRDA:182,13,1,2
BRDA:186,14,0,1
BRDA:186,14,1,1
BRDA:214,15,0,0
BRDA:214,15,1,0
BRF:32
BRH:19
end_of_record
TN:
SF:models/book.js
FNF:0
FNH:0
DA:1,1
DA:4,1
DA:15,1
DA:16,1
LF:4
LH:4
BRF:0
BRH:0
end_of_record
TN:
SF:models/counter.js
FNF:0
FNH:0
DA:1,1
DA:3,1
DA:8,1
DA:9,1
LF:4
LH:4
BRF:0
BRH:0
end_of_record
TN:
SF:models/prenotazione.js
FNF:0
FNH:0
DA:1,1
DA:3,1
DA:9,1
DA:10,1
LF:4
LH:4
BRF:0
BRH:0
end_of_record
TN:
SF:models/utente.js
FNF:0
FNH:0
DA:1,1
DA:3,1
DA:18,1
DA:19,1
LF:4
LH:4
BRF:0
BRH:0
end_of_record
TN:
SF:routes/Filter.js
FNF:0
FNH:0
DA:1,1
DA:3,1
DA:4,1
DA:6,1
DA:7,1
DA:9,1
DA:12,1
LF:7
LH:7
BRF:0
BRH:0
end_of_record
TN:
SF:routes/deleteLibro.js
FNF:0
FNH:0
DA:1,1
DA:3,1
DA:4,1
DA:6,1
DA:7,1
DA:9,1
DA:12,1
LF:7
LH:7
BRF:0
BRH:0
end_of_record
TN:
SF:routes/deleteUtente.js
FNF:0
FNH:0
DA:1,1
DA:3,1
DA:4,1
DA:6,1
DA:7,1
DA:9,1
DA:12,1
LF:7
LH:7
BRF:0
BRH:0
end_of_record
TN:
SF:routes/getAllusers.js
FNF:0
FNH:0
DA:1,1
DA:3,1
DA:4,1
DA:6,1
DA:7,1
DA:9,1
DA:11,1
LF:7
LH:7
BRF:0
BRH:0
end_of_record
TN:
SF:routes/getBooks.js
FNF:0
FNH:0
DA:1,1
DA:3,1
DA:4,1
DA:6,1
DA:7,1
DA:9,1
DA:12,1
LF:7
LH:7
BRF:0
BRH:0
end_of_record
TN:
SF:routes/getLibro.js
FNF:0
FNH:0
DA:1,1
DA:3,1
DA:4,1
DA:6,1
DA:7,1
DA:9,1
DA:12,1
LF:7
LH:7
BRF:0
BRH:0
end_of_record
TN:
SF:routes/login.js
FNF:0
FNH:0
DA:1,1
DA:3,1
DA:4,1
DA:6,1
DA:7,1
DA:9,1
DA:12,1
LF:7
LH:7
BRF:0
BRH:0
end_of_record
TN:
SF:routes/logout.js
FNF:0
FNH:0
DA:1,1
DA:3,1
DA:4,1
DA:6,1
DA:7,1
DA:9,1
DA:12,1
LF:7
LH:7
BRF:0
BRH:0
end_of_record
TN:
SF:routes/newLibro.js
FNF:0
FNH:0
DA:1,1
DA:3,1
DA:4,1
DA:6,1
DA:7,1
DA:9,1
DA:12,1
LF:7
LH:7
BRF:0
BRH:0
end_of_record
TN:
SF:routes/patchDisponibilita.js
FNF:0
FNH:0
DA:1,1
DA:3,1
DA:4,1
DA:6,1
DA:7,1
DA:10,1
DA:12,1
LF:7
LH:7
BRF:0
BRH:0
end_of_record
TN:
SF:routes/patchMulta.js
FNF:0
FNH:0
DA:1,1
DA:3,1
DA:4,1
DA:6,1
DA:7,1
DA:10,1
DA:12,1
LF:7
LH:7
BRF:0
BRH:0
end_of_record
TN:
SF:routes/patchRent.js
FNF:0
FNH:0
DA:1,1
DA:3,1
DA:4,1
DA:6,1
DA:7,1
DA:10,1
DA:12,1
LF:7
LH:7
BRF:0
BRH:0
end_of_record
TN:
SF:routes/patchReserve.js
FNF:0
FNH:0
DA:1,1
DA:3,1
DA:4,1
DA:6,1
DA:7,1
DA:10,1
DA:12,1
LF:7
LH:7
BRF:0
BRH:0
end_of_record
TN:
SF:routes/signUp.js
FNF:0
FNH:0
DA:1,1
DA:3,1
DA:4,1
DA:6,1
DA:7,1
DA:9,1
DA:12,1
LF:7
LH:7
BRF:0
BRH:0
end_of_record
